{"C:\\Users\\droma\\OneDrive\\Desktop\\BASIC TIBRAH2\\utils.ts": {"path":"C:\\Users\\droma\\OneDrive\\Desktop\\BASIC TIBRAH2\\utils.ts","statementMap":{"0":{"start":{"line":10,"column":16},"end":{"line":10,"column":29}},"1":{"start":{"line":50,"column":16},"end":{"line":50,"column":32}},"2":{"start":{"line":34,"column":16},"end":{"line":34,"column":34}},"3":{"start":{"line":65,"column":16},"end":{"line":65,"column":30}},"4":{"start":{"line":75,"column":16},"end":{"line":75,"column":28}},"5":{"start":{"line":12,"column":4},"end":{"line":14,"column":null}},"6":{"start":{"line":13,"column":8},"end":{"line":13,"column":null}},"7":{"start":{"line":17,"column":36},"end":{"line":17,"column":null}},"8":{"start":{"line":20,"column":20},"end":{"line":23,"column":null}},"9":{"start":{"line":26,"column":4},"end":{"line":26,"column":null}},"10":{"start":{"line":35,"column":27},"end":{"line":35,"column":null}},"11":{"start":{"line":36,"column":4},"end":{"line":42,"column":null}},"12":{"start":{"line":39,"column":22},"end":{"line":39,"column":null}},"13":{"start":{"line":40,"column":12},"end":{"line":40,"column":null}},"14":{"start":{"line":51,"column":14},"end":{"line":51,"column":null}},"15":{"start":{"line":52,"column":4},"end":{"line":57,"column":null}},"16":{"start":{"line":66,"column":4},"end":{"line":66,"column":null}},"17":{"start":{"line":76,"column":4},"end":{"line":76,"column":null}},"18":{"start":{"line":76,"column":34},"end":{"line":76,"column":null}},"19":{"start":{"line":77,"column":4},"end":{"line":77,"column":null}}},"fnMap":{"0":{"name":"createPageUrl","decl":{"start":{"line":10,"column":16},"end":{"line":10,"column":29}},"loc":{"start":{"line":10,"column":42},"end":{"line":27,"column":null}}},"1":{"name":"formatArabicNumber","decl":{"start":{"line":34,"column":16},"end":{"line":34,"column":34}},"loc":{"start":{"line":34,"column":46},"end":{"line":43,"column":null}}},"2":{"name":"(anonymous_8)","decl":{"start":{"line":38,"column":13},"end":{"line":38,"column":null}},"loc":{"start":{"line":38,"column":13},"end":{"line":41,"column":null}}},"3":{"name":"formatArabicDate","decl":{"start":{"line":50,"column":16},"end":{"line":50,"column":32}},"loc":{"start":{"line":50,"column":52},"end":{"line":58,"column":null}}},"4":{"name":"formatCurrency","decl":{"start":{"line":65,"column":16},"end":{"line":65,"column":30}},"loc":{"start":{"line":65,"column":45},"end":{"line":67,"column":null}}},"5":{"name":"truncateText","decl":{"start":{"line":75,"column":16},"end":{"line":75,"column":28}},"loc":{"start":{"line":75,"column":60},"end":{"line":78,"column":null}}}},"branchMap":{"0":{"loc":{"start":{"line":12,"column":4},"end":{"line":14,"column":null}},"type":"if","locations":[{"start":{"line":12,"column":4},"end":{"line":14,"column":null}},{"start":{},"end":{}}]},"1":{"loc":{"start":{"line":26,"column":11},"end":{"line":26,"column":69}},"type":"cond-expr","locations":[{"start":{"line":26,"column":25},"end":{"line":26,"column":53}},{"start":{"line":26,"column":56},"end":{"line":26,"column":69}}]},"2":{"loc":{"start":{"line":40,"column":19},"end":{"line":40,"column":55}},"type":"cond-expr","locations":[{"start":{"line":40,"column":30},"end":{"line":40,"column":38}},{"start":{"line":40,"column":38},"end":{"line":40,"column":55}}]},"3":{"loc":{"start":{"line":51,"column":14},"end":{"line":51,"column":null}},"type":"cond-expr","locations":[{"start":{"line":51,"column":41},"end":{"line":51,"column":58}},{"start":{"line":51,"column":58},"end":{"line":51,"column":null}}]},"4":{"loc":{"start":{"line":76,"column":4},"end":{"line":76,"column":null}},"type":"if","locations":[{"start":{"line":76,"column":4},"end":{"line":76,"column":null}},{"start":{},"end":{}}]}},"s":{"0":3,"1":0,"2":0,"3":0,"4":0,"5":3,"6":0,"7":3,"8":3,"9":3,"10":0,"11":0,"12":0,"13":0,"14":0,"15":0,"16":0,"17":0,"18":0,"19":0},"f":{"0":3,"1":0,"2":0,"3":0,"4":0,"5":0},"b":{"0":[0,3],"1":[0,3],"2":[0,0],"3":[0,0],"4":[0,0]}}
,"C:\\Users\\droma\\OneDrive\\Desktop\\BASIC TIBRAH2\\components\\admin\\ActivityLog.tsx": {"path":"C:\\Users\\droma\\OneDrive\\Desktop\\BASIC TIBRAH2\\components\\admin\\ActivityLog.tsx","statementMap":{"0":{"start":{"line":59,"column":24},"end":{"line":59,"column":36}},"1":{"start":{"line":4,"column":31},"end":{"line":4,"column":null}},"2":{"start":{"line":5,"column":40},"end":{"line":5,"column":null}},"3":{"start":{"line":29,"column":4},"end":{"line":29,"column":null}},"4":{"start":{"line":29,"column":18},"end":{"line":29,"column":null}},"5":{"start":{"line":30,"column":16},"end":{"line":30,"column":null}},"6":{"start":{"line":31,"column":17},"end":{"line":31,"column":null}},"7":{"start":{"line":32,"column":19},"end":{"line":32,"column":null}},"8":{"start":{"line":33,"column":21},"end":{"line":33,"column":null}},"9":{"start":{"line":34,"column":22},"end":{"line":34,"column":null}},"10":{"start":{"line":35,"column":21},"end":{"line":35,"column":null}},"11":{"start":{"line":37,"column":4},"end":{"line":37,"column":null}},"12":{"start":{"line":37,"column":22},"end":{"line":37,"column":null}},"13":{"start":{"line":38,"column":4},"end":{"line":38,"column":null}},"14":{"start":{"line":38,"column":23},"end":{"line":38,"column":null}},"15":{"start":{"line":39,"column":4},"end":{"line":39,"column":null}},"16":{"start":{"line":39,"column":24},"end":{"line":39,"column":null}},"17":{"start":{"line":40,"column":4},"end":{"line":40,"column":null}},"18":{"start":{"line":40,"column":22},"end":{"line":40,"column":null}},"19":{"start":{"line":41,"column":4},"end":{"line":41,"column":null}},"20":{"start":{"line":61,"column":43},"end":{"line":122,"column":null}},"21":{"start":{"line":62,"column":44},"end":{"line":62,"column":46}},"22":{"start":{"line":65,"column":8},"end":{"line":74,"column":null}},"23":{"start":{"line":66,"column":12},"end":{"line":73,"column":null}},"24":{"start":{"line":77,"column":8},"end":{"line":87,"column":null}},"25":{"start":{"line":78,"column":31},"end":{"line":78,"column":null}},"26":{"start":{"line":79,"column":12},"end":{"line":86,"column":null}},"27":{"start":{"line":90,"column":8},"end":{"line":99,"column":null}},"28":{"start":{"line":91,"column":12},"end":{"line":98,"column":null}},"29":{"start":{"line":102,"column":8},"end":{"line":111,"column":null}},"30":{"start":{"line":103,"column":12},"end":{"line":110,"column":null}},"31":{"start":{"line":114,"column":8},"end":{"line":119,"column":null}},"32":{"start":{"line":115,"column":12},"end":{"line":115,"column":null}},"33":{"start":{"line":115,"column":36},"end":{"line":115,"column":null}},"34":{"start":{"line":116,"column":12},"end":{"line":116,"column":null}},"35":{"start":{"line":116,"column":25},"end":{"line":116,"column":null}},"36":{"start":{"line":117,"column":12},"end":{"line":117,"column":null}},"37":{"start":{"line":117,"column":25},"end":{"line":117,"column":null}},"38":{"start":{"line":118,"column":12},"end":{"line":118,"column":null}},"39":{"start":{"line":121,"column":8},"end":{"line":121,"column":null}},"40":{"start":{"line":124,"column":24},"end":{"line":129,"column":null}},"41":{"start":{"line":131,"column":32},"end":{"line":131,"column":null}},"42":{"start":{"line":133,"column":21},"end":{"line":133,"column":null}},"43":{"start":{"line":133,"column":76},"end":{"line":133,"column":null}},"44":{"start":{"line":158,"column":37},"end":{"line":158,"column":43}},"45":{"start":{"line":159,"column":24},"end":{"line":161,"column":null}},"46":{"start":{"line":167,"column":47},"end":{"line":167,"column":null}},"47":{"start":{"line":182,"column":41},"end":{"line":182,"column":51}},"48":{"start":{"line":183,"column":28},"end":{"line":185,"column":null}}},"fnMap":{"0":{"name":"getTimeAgo","decl":{"start":{"line":28,"column":9},"end":{"line":28,"column":20}},"loc":{"start":{"line":28,"column":35},"end":{"line":42,"column":null}}},"1":{"name":"LiveDot","decl":{"start":{"line":44,"column":9},"end":{"line":44,"column":17}},"loc":{"start":{"line":44,"column":45},"end":{"line":57,"column":null}}},"2":{"name":"ActivityLog","decl":{"start":{"line":59,"column":24},"end":{"line":59,"column":36}},"loc":{"start":{"line":59,"column":96},"end":{"line":245,"column":null}}},"3":{"name":"(anonymous_8)","decl":{"start":{"line":61,"column":51},"end":{"line":61,"column":null}},"loc":{"start":{"line":61,"column":51},"end":{"line":122,"column":7}}},"4":{"name":"(anonymous_9)","decl":{"start":{"line":65,"column":42},"end":{"line":65,"column":43}},"loc":{"start":{"line":65,"column":43},"end":{"line":74,"column":null}}},"5":{"name":"(anonymous_10)","decl":{"start":{"line":77,"column":41},"end":{"line":77,"column":42}},"loc":{"start":{"line":77,"column":42},"end":{"line":87,"column":null}}},"6":{"name":"(anonymous_11)","decl":{"start":{"line":90,"column":45},"end":{"line":90,"column":46}},"loc":{"start":{"line":90,"column":46},"end":{"line":99,"column":null}}},"7":{"name":"(anonymous_12)","decl":{"start":{"line":102,"column":44},"end":{"line":102,"column":45}},"loc":{"start":{"line":102,"column":45},"end":{"line":111,"column":null}}},"8":{"name":"(anonymous_13)","decl":{"start":{"line":114,"column":21},"end":{"line":114,"column":22}},"loc":{"start":{"line":114,"column":25},"end":{"line":119,"column":null}}},"9":{"name":"(anonymous_14)","decl":{"start":{"line":133,"column":71},"end":{"line":133,"column":76}},"loc":{"start":{"line":133,"column":76},"end":{"line":133,"column":null}}},"10":{"name":"(anonymous_15)","decl":{"start":{"line":157,"column":37},"end":{"line":157,"column":null}},"loc":{"start":{"line":157,"column":37},"end":{"line":173,"column":null}}},"11":{"name":"(anonymous_16)","decl":{"start":{"line":167,"column":41},"end":{"line":167,"column":47}},"loc":{"start":{"line":167,"column":47},"end":{"line":167,"column":null}}},"12":{"name":"(anonymous_17)","decl":{"start":{"line":181,"column":37},"end":{"line":181,"column":38}},"loc":{"start":{"line":181,"column":45},"end":{"line":209,"column":null}}}},"branchMap":{"0":{"loc":{"start":{"line":29,"column":4},"end":{"line":29,"column":null}},"type":"if","locations":[{"start":{"line":29,"column":4},"end":{"line":29,"column":null}},{"start":{},"end":{}}]},"1":{"loc":{"start":{"line":37,"column":4},"end":{"line":37,"column":null}},"type":"if","locations":[{"start":{"line":37,"column":4},"end":{"line":37,"column":null}},{"start":{},"end":{}}]},"2":{"loc":{"start":{"line":38,"column":4},"end":{"line":38,"column":null}},"type":"if","locations":[{"start":{"line":38,"column":4},"end":{"line":38,"column":null}},{"start":{},"end":{}}]},"3":{"loc":{"start":{"line":39,"column":4},"end":{"line":39,"column":null}},"type":"if","locations":[{"start":{"line":39,"column":4},"end":{"line":39,"column":null}},{"start":{},"end":{}}]},"4":{"loc":{"start":{"line":40,"column":4},"end":{"line":40,"column":null}},"type":"if","locations":[{"start":{"line":40,"column":4},"end":{"line":40,"column":null}},{"start":{},"end":{}}]},"5":{"loc":{"start":{"line":68,"column":43},"end":{"line":68,"column":93}},"type":"binary-expr","locations":[{"start":{"line":68,"column":43},"end":{"line":68,"column":52}},{"start":{"line":68,"column":56},"end":{"line":68,"column":81}},{"start":{"line":68,"column":85},"end":{"line":68,"column":93}}]},"6":{"loc":{"start":{"line":69,"column":22},"end":{"line":69,"column":null}},"type":"binary-expr","locations":[{"start":{"line":69,"column":22},"end":{"line":69,"column":37}},{"start":{"line":69,"column":41},"end":{"line":69,"column":55}},{"start":{"line":69,"column":59},"end":{"line":69,"column":null}}]},"7":{"loc":{"start":{"line":78,"column":31},"end":{"line":78,"column":null}},"type":"cond-expr","locations":[{"start":{"line":78,"column":60},"end":{"line":78,"column":69}},{"start":{"line":78,"column":69},"end":{"line":78,"column":null}}]},"8":{"loc":{"start":{"line":78,"column":69},"end":{"line":78,"column":null}},"type":"cond-expr","locations":[{"start":{"line":78,"column":96},"end":{"line":78,"column":113}},{"start":{"line":78,"column":113},"end":{"line":78,"column":null}}]},"9":{"loc":{"start":{"line":81,"column":46},"end":{"line":81,"column":88}},"type":"binary-expr","locations":[{"start":{"line":81,"column":46},"end":{"line":81,"column":57}},{"start":{"line":81,"column":61},"end":{"line":81,"column":69}},{"start":{"line":81,"column":73},"end":{"line":81,"column":88}}]},"10":{"loc":{"start":{"line":82,"column":22},"end":{"line":82,"column":null}},"type":"binary-expr","locations":[{"start":{"line":82,"column":22},"end":{"line":82,"column":38}},{"start":{"line":82,"column":42},"end":{"line":82,"column":55}},{"start":{"line":82,"column":59},"end":{"line":82,"column":null}}]},"11":{"loc":{"start":{"line":93,"column":35},"end":{"line":93,"column":80}},"type":"binary-expr","locations":[{"start":{"line":93,"column":35},"end":{"line":93,"column":47}},{"start":{"line":93,"column":51},"end":{"line":93,"column":64}},{"start":{"line":93,"column":68},"end":{"line":93,"column":80}}]},"12":{"loc":{"start":{"line":94,"column":22},"end":{"line":94,"column":null}},"type":"binary-expr","locations":[{"start":{"line":94,"column":22},"end":{"line":94,"column":40}},{"start":{"line":94,"column":44},"end":{"line":94,"column":61}},{"start":{"line":94,"column":65},"end":{"line":94,"column":null}}]},"13":{"loc":{"start":{"line":105,"column":37},"end":{"line":105,"column":66}},"type":"binary-expr","locations":[{"start":{"line":105,"column":37},"end":{"line":105,"column":49}},{"start":{"line":105,"column":53},"end":{"line":105,"column":66}}]},"14":{"loc":{"start":{"line":106,"column":22},"end":{"line":106,"column":null}},"type":"binary-expr","locations":[{"start":{"line":106,"column":22},"end":{"line":106,"column":39}},{"start":{"line":106,"column":43},"end":{"line":106,"column":59}},{"start":{"line":106,"column":63},"end":{"line":106,"column":null}}]},"15":{"loc":{"start":{"line":115,"column":12},"end":{"line":115,"column":null}},"type":"if","locations":[{"start":{"line":115,"column":12},"end":{"line":115,"column":null}},{"start":{},"end":{}}]},"16":{"loc":{"start":{"line":115,"column":16},"end":{"line":115,"column":34}},"type":"binary-expr","locations":[{"start":{"line":115,"column":16},"end":{"line":115,"column":23}},{"start":{"line":115,"column":27},"end":{"line":115,"column":34}}]},"17":{"loc":{"start":{"line":116,"column":12},"end":{"line":116,"column":null}},"type":"if","locations":[{"start":{"line":116,"column":12},"end":{"line":116,"column":null}},{"start":{},"end":{}}]},"18":{"loc":{"start":{"line":117,"column":12},"end":{"line":117,"column":null}},"type":"if","locations":[{"start":{"line":117,"column":12},"end":{"line":117,"column":null}},{"start":{},"end":{}}]},"19":{"loc":{"start":{"line":133,"column":21},"end":{"line":133,"column":null}},"type":"cond-expr","locations":[{"start":{"line":133,"column":40},"end":{"line":133,"column":53}},{"start":{"line":133,"column":53},"end":{"line":133,"column":null}}]},"20":{"loc":{"start":{"line":162,"column":151},"end":{"line":164,"column":null}},"type":"cond-expr","locations":[{"start":{"line":163,"column":42},"end":{"line":163,"column":null}},{"start":{"line":164,"column":42},"end":{"line":164,"column":null}}]},"21":{"loc":{"start":{"line":181,"column":24},"end":{"line":209,"column":null}},"type":"cond-expr","locations":[{"start":{"line":181,"column":24},"end":{"line":209,"column":null}}]}},"s":{"0":5,"1":1,"2":1,"3":20,"4":0,"5":20,"6":20,"7":20,"8":20,"9":20,"10":20,"11":20,"12":20,"13":0,"14":0,"15":0,"16":0,"17":0,"18":0,"19":0,"20":5,"21":5,"22":5,"23":8,"24":5,"25":4,"26":4,"27":5,"28":4,"29":5,"30":4,"31":5,"32":36,"33":0,"34":36,"35":0,"36":36,"37":0,"38":36,"39":5,"40":5,"41":5,"42":5,"43":0,"44":20,"45":20,"46":0,"47":20,"48":20},"f":{"0":20,"1":5,"2":5,"3":5,"4":8,"5":4,"6":4,"7":4,"8":36,"9":0,"10":20,"11":0,"12":20},"b":{"0":[0,20],"1":[20,0],"2":[0,0],"3":[0,0],"4":[0,0],"5":[8,0,0],"6":[8,0,0],"7":[0,4],"8":[4,0],"9":[4,0,0],"10":[4,0,0],"11":[4,0,0],"12":[4,0,0],"13":[4,0],"14":[4,0,0],"15":[0,36],"16":[36,0],"17":[0,36],"18":[0,36],"19":[5,0],"20":[5,15],"21":[4]}}
,"C:\\Users\\droma\\OneDrive\\Desktop\\BASIC TIBRAH2\\components\\admin\\AdminStats.tsx": {"path":"C:\\Users\\droma\\OneDrive\\Desktop\\BASIC TIBRAH2\\components\\admin\\AdminStats.tsx","statementMap":{"0":{"start":{"line":291,"column":24},"end":{"line":291,"column":35}},"1":{"start":{"line":4,"column":51},"end":{"line":4,"column":null}},"2":{"start":{"line":5,"column":40},"end":{"line":5,"column":null}},"3":{"start":{"line":22,"column":30},"end":{"line":22,"column":null}},"4":{"start":{"line":23,"column":16},"end":{"line":23,"column":null}},"5":{"start":{"line":24,"column":23},"end":{"line":24,"column":null}},"6":{"start":{"line":26,"column":4},"end":{"line":41,"column":null}},"7":{"start":{"line":27,"column":8},"end":{"line":27,"column":null}},"8":{"start":{"line":27,"column":32},"end":{"line":27,"column":null}},"9":{"start":{"line":28,"column":8},"end":{"line":28,"column":null}},"10":{"start":{"line":30,"column":26},"end":{"line":30,"column":null}},"11":{"start":{"line":31,"column":22},"end":{"line":38,"column":null}},"12":{"start":{"line":32,"column":28},"end":{"line":32,"column":null}},"13":{"start":{"line":33,"column":29},"end":{"line":33,"column":null}},"14":{"start":{"line":35,"column":26},"end":{"line":35,"column":null}},"15":{"start":{"line":36,"column":12},"end":{"line":36,"column":null}},"16":{"start":{"line":37,"column":12},"end":{"line":37,"column":null}},"17":{"start":{"line":37,"column":32},"end":{"line":37,"column":null}},"18":{"start":{"line":40,"column":8},"end":{"line":40,"column":null}},"19":{"start":{"line":40,"column":21},"end":{"line":40,"column":null}},"20":{"start":{"line":60,"column":16},"end":{"line":60,"column":null}},"21":{"start":{"line":61,"column":16},"end":{"line":61,"column":null}},"22":{"start":{"line":62,"column":18},"end":{"line":62,"column":null}},"23":{"start":{"line":63,"column":18},"end":{"line":63,"column":null}},"24":{"start":{"line":64,"column":20},"end":{"line":64,"column":null}},"25":{"start":{"line":65,"column":19},"end":{"line":65,"column":null}},"26":{"start":{"line":67,"column":19},"end":{"line":71,"column":null}},"27":{"start":{"line":68,"column":18},"end":{"line":68,"column":null}},"28":{"start":{"line":69,"column":18},"end":{"line":69,"column":null}},"29":{"start":{"line":70,"column":8},"end":{"line":70,"column":null}},"30":{"start":{"line":73,"column":21},"end":{"line":73,"column":63}},"31":{"start":{"line":75,"column":19},"end":{"line":75,"column":52}},"32":{"start":{"line":96,"column":32},"end":{"line":96,"column":53}},"33":{"start":{"line":97,"column":27},"end":{"line":97,"column":null}},"34":{"start":{"line":98,"column":27},"end":{"line":98,"column":null}},"35":{"start":{"line":145,"column":17},"end":{"line":145,"column":26}},"36":{"start":{"line":146,"column":23},"end":{"line":146,"column":null}},"37":{"start":{"line":224,"column":17},"end":{"line":224,"column":26}},"38":{"start":{"line":292,"column":26},"end":{"line":292,"column":null}},"39":{"start":{"line":294,"column":4},"end":{"line":297,"column":null}},"40":{"start":{"line":295,"column":18},"end":{"line":295,"column":null}},"41":{"start":{"line":296,"column":8},"end":{"line":296,"column":null}},"42":{"start":{"line":300,"column":29},"end":{"line":300,"column":null}},"43":{"start":{"line":301,"column":25},"end":{"line":301,"column":null}},"44":{"start":{"line":303,"column":38},"end":{"line":338,"column":null}},"45":{"start":{"line":340,"column":39},"end":{"line":346,"column":null}},"46":{"start":{"line":370,"column":20},"end":{"line":370,"column":47}},"47":{"start":{"line":395,"column":28},"end":{"line":395,"column":56}}},"fnMap":{"0":{"name":"AnimatedCounter","decl":{"start":{"line":16,"column":9},"end":{"line":16,"column":25}},"loc":{"start":{"line":21,"column":1},"end":{"line":48,"column":null}}},"1":{"name":"(anonymous_6)","decl":{"start":{"line":26,"column":14},"end":{"line":26,"column":null}},"loc":{"start":{"line":26,"column":14},"end":{"line":41,"column":7}}},"2":{"name":"(anonymous_7)","decl":{"start":{"line":31,"column":34},"end":{"line":31,"column":null}},"loc":{"start":{"line":31,"column":34},"end":{"line":38,"column":11}}},"3":{"name":"(anonymous_8)","decl":{"start":{"line":40,"column":15},"end":{"line":40,"column":21}},"loc":{"start":{"line":40,"column":21},"end":{"line":40,"column":null}}},"4":{"name":"Sparkline","decl":{"start":{"line":54,"column":9},"end":{"line":54,"column":19}},"loc":{"start":{"line":59,"column":1},"end":{"line":108,"column":null}}},"5":{"name":"(anonymous_10)","decl":{"start":{"line":67,"column":28},"end":{"line":67,"column":29}},"loc":{"start":{"line":67,"column":34},"end":{"line":71,"column":7}}},"6":{"name":"(anonymous_11)","decl":{"start":{"line":95,"column":33},"end":{"line":95,"column":null}},"loc":{"start":{"line":95,"column":33},"end":{"line":105,"column":null}}},"7":{"name":"LivePulse","decl":{"start":{"line":114,"column":9},"end":{"line":114,"column":19}},"loc":{"start":{"line":114,"column":47},"end":{"line":127,"column":null}}},"8":{"name":"StatCard","decl":{"start":{"line":144,"column":9},"end":{"line":144,"column":18}},"loc":{"start":{"line":144,"column":72},"end":{"line":210,"column":null}}},"9":{"name":"ActivityFeedItem","decl":{"start":{"line":223,"column":9},"end":{"line":223,"column":26}},"loc":{"start":{"line":223,"column":80},"end":{"line":247,"column":null}}},"10":{"name":"QuickAction","decl":{"start":{"line":253,"column":9},"end":{"line":253,"column":21}},"loc":{"start":{"line":259,"column":1},"end":{"line":278,"column":null}}},"11":{"name":"AdminStats","decl":{"start":{"line":291,"column":24},"end":{"line":291,"column":35}},"loc":{"start":{"line":291,"column":110},"end":{"line":450,"column":null}}},"12":{"name":"(anonymous_17)","decl":{"start":{"line":294,"column":14},"end":{"line":294,"column":null}},"loc":{"start":{"line":294,"column":14},"end":{"line":297,"column":7}}},"13":{"name":"(anonymous_18)","decl":{"start":{"line":369,"column":31},"end":{"line":369,"column":32}},"loc":{"start":{"line":370,"column":20},"end":{"line":370,"column":47}}},"14":{"name":"(anonymous_19)","decl":{"start":{"line":394,"column":40},"end":{"line":394,"column":41}},"loc":{"start":{"line":395,"column":28},"end":{"line":395,"column":56}}}},"branchMap":{"0":{"loc":{"start":{"line":16,"column":35},"end":{"line":16,"column":50}},"type":"default-arg","locations":[{"start":{"line":16,"column":46},"end":{"line":16,"column":50}}]},"1":{"loc":{"start":{"line":16,"column":52},"end":{"line":16,"column":63}},"type":"default-arg","locations":[{"start":{"line":16,"column":61},"end":{"line":16,"column":63}}]},"2":{"loc":{"start":{"line":16,"column":65},"end":{"line":16,"column":76}},"type":"default-arg","locations":[{"start":{"line":16,"column":74},"end":{"line":16,"column":76}}]},"3":{"loc":{"start":{"line":27,"column":8},"end":{"line":27,"column":null}},"type":"if","locations":[{"start":{"line":27,"column":8},"end":{"line":27,"column":null}},{"start":{},"end":{}}]},"4":{"loc":{"start":{"line":37,"column":12},"end":{"line":37,"column":null}},"type":"if","locations":[{"start":{"line":37,"column":12},"end":{"line":37,"column":null}},{"start":{},"end":{}}]},"5":{"loc":{"start":{"line":54,"column":34},"end":{"line":54,"column":45}},"type":"default-arg","locations":[{"start":{"line":54,"column":42},"end":{"line":54,"column":45}}]},"6":{"loc":{"start":{"line":54,"column":47},"end":{"line":54,"column":58}},"type":"default-arg","locations":[{"start":{"line":54,"column":56},"end":{"line":54,"column":58}}]},"7":{"loc":{"start":{"line":62,"column":18},"end":{"line":62,"column":null}},"type":"binary-expr","locations":[{"start":{"line":62,"column":18},"end":{"line":62,"column":31}},{"start":{"line":62,"column":31},"end":{"line":62,"column":null}}]},"8":{"loc":{"start":{"line":95,"column":13},"end":{"line":105,"column":null}},"type":"binary-expr","locations":[{"start":{"line":95,"column":13},"end":{"line":95,"column":32}},{"start":{"line":95,"column":32},"end":{"line":105,"column":null}}]},"9":{"loc":{"start":{"line":171,"column":105},"end":{"line":173,"column":null}},"type":"cond-expr","locations":[{"start":{"line":172,"column":34},"end":{"line":172,"column":null}},{"start":{"line":173,"column":34},"end":{"line":173,"column":null}}]},"10":{"loc":{"start":{"line":179,"column":38},"end":{"line":179,"column":76}},"type":"cond-expr","locations":[{"start":{"line":179,"column":38},"end":{"line":179,"column":76}}]},"11":{"loc":{"start":{"line":180,"column":25},"end":{"line":180,"column":48}},"type":"cond-expr","locations":[{"start":{"line":180,"column":38},"end":{"line":180,"column":44}},{"start":{"line":180,"column":44},"end":{"line":180,"column":48}}]},"12":{"loc":{"start":{"line":189,"column":21},"end":{"line":189,"column":32}},"type":"binary-expr","locations":[{"start":{"line":189,"column":21},"end":{"line":189,"column":32}}]},"13":{"loc":{"start":{"line":197,"column":21},"end":{"line":197,"column":35}},"type":"binary-expr","locations":[{"start":{"line":197,"column":21},"end":{"line":197,"column":35}}]},"14":{"loc":{"start":{"line":306,"column":19},"end":{"line":306,"column":null}},"type":"binary-expr","locations":[{"start":{"line":306,"column":19},"end":{"line":306,"column":33}},{"start":{"line":306,"column":33},"end":{"line":306,"column":null}}]},"15":{"loc":{"start":{"line":310,"column":68},"end":{"line":310,"column":85}},"type":"binary-expr","locations":[{"start":{"line":310,"column":68},"end":{"line":310,"column":82}},{"start":{"line":310,"column":82},"end":{"line":310,"column":85}}]},"16":{"loc":{"start":{"line":315,"column":19},"end":{"line":315,"column":null}},"type":"binary-expr","locations":[{"start":{"line":315,"column":19},"end":{"line":315,"column":39}},{"start":{"line":315,"column":39},"end":{"line":315,"column":null}}]},"17":{"loc":{"start":{"line":320,"column":90},"end":{"line":320,"column":115}},"type":"binary-expr","locations":[{"start":{"line":320,"column":90},"end":{"line":320,"column":110}},{"start":{"line":320,"column":110},"end":{"line":320,"column":115}}]},"18":{"loc":{"start":{"line":324,"column":19},"end":{"line":324,"column":null}},"type":"binary-expr","locations":[{"start":{"line":324,"column":19},"end":{"line":324,"column":36}},{"start":{"line":324,"column":36},"end":{"line":324,"column":null}}]},"19":{"loc":{"start":{"line":328,"column":67},"end":{"line":328,"column":87}},"type":"binary-expr","locations":[{"start":{"line":328,"column":67},"end":{"line":328,"column":84}},{"start":{"line":328,"column":84},"end":{"line":328,"column":87}}]},"20":{"loc":{"start":{"line":332,"column":19},"end":{"line":332,"column":null}},"type":"binary-expr","locations":[{"start":{"line":332,"column":19},"end":{"line":332,"column":35}},{"start":{"line":332,"column":35},"end":{"line":332,"column":null}}]},"21":{"loc":{"start":{"line":336,"column":62},"end":{"line":336,"column":81}},"type":"binary-expr","locations":[{"start":{"line":336,"column":62},"end":{"line":336,"column":78}},{"start":{"line":336,"column":78},"end":{"line":336,"column":81}}]},"22":{"loc":{"start":{"line":431,"column":33},"end":{"line":431,"column":50}},"type":"binary-expr","locations":[{"start":{"line":431,"column":33},"end":{"line":431,"column":47}},{"start":{"line":431,"column":47},"end":{"line":431,"column":50}}]},"23":{"loc":{"start":{"line":431,"column":89},"end":{"line":431,"column":104}},"type":"binary-expr","locations":[{"start":{"line":431,"column":89},"end":{"line":431,"column":103}},{"start":{"line":431,"column":103},"end":{"line":431,"column":104}}]}},"s":{"0":6,"1":1,"2":1,"3":48,"4":48,"5":48,"6":48,"7":24,"8":0,"9":24,"10":24,"11":24,"12":0,"13":0,"14":0,"15":0,"16":0,"17":0,"18":24,"19":24,"20":48,"21":48,"22":48,"23":48,"24":48,"25":48,"26":48,"27":576,"28":576,"29":576,"30":48,"31":48,"32":48,"33":48,"34":48,"35":48,"36":48,"37":60,"38":12,"39":12,"40":6,"41":6,"42":12,"43":12,"44":12,"45":12,"46":48,"47":60},"f":{"0":48,"1":24,"2":0,"3":24,"4":48,"5":576,"6":48,"7":36,"8":48,"9":60,"10":0,"11":12,"12":6,"13":48,"14":60},"b":{"0":[48],"1":[48],"2":[48],"3":[0,24],"4":[0,0],"5":[48],"6":[48],"7":[48,0],"8":[48,48],"9":[48,0],"10":[48],"11":[48,0],"12":[48],"13":[48],"14":[12,2],"15":[12,2],"16":[12,2],"17":[12,2],"18":[12,2],"19":[12,2],"20":[12,2],"21":[12,2],"22":[12,2],"23":[12,2]}}
,"C:\\Users\\droma\\OneDrive\\Desktop\\BASIC TIBRAH2\\components\\common\\BottomSheet.tsx": {"path":"C:\\Users\\droma\\OneDrive\\Desktop\\BASIC TIBRAH2\\components\\common\\BottomSheet.tsx","statementMap":{"0":{"start":{"line":18,"column":24},"end":{"line":18,"column":36}},"1":{"start":{"line":4,"column":53},"end":{"line":4,"column":null}},"2":{"start":{"line":5,"column":49},"end":{"line":5,"column":null}},"3":{"start":{"line":7,"column":26},"end":{"line":7,"column":null}},"4":{"start":{"line":26,"column":42},"end":{"line":26,"column":null}},"5":{"start":{"line":27,"column":21},"end":{"line":27,"column":null}},"6":{"start":{"line":28,"column":26},"end":{"line":28,"column":null}},"7":{"start":{"line":30,"column":26},"end":{"line":65,"column":null}},"8":{"start":{"line":31,"column":25},"end":{"line":31,"column":40}},"9":{"start":{"line":32,"column":23},"end":{"line":32,"column":36}},"10":{"start":{"line":35,"column":8},"end":{"line":39,"column":null}},"11":{"start":{"line":36,"column":12},"end":{"line":36,"column":null}},"12":{"start":{"line":37,"column":12},"end":{"line":37,"column":null}},"13":{"start":{"line":38,"column":12},"end":{"line":38,"column":null}},"14":{"start":{"line":42,"column":8},"end":{"line":48,"column":null}},"15":{"start":{"line":43,"column":12},"end":{"line":46,"column":null}},"16":{"start":{"line":44,"column":16},"end":{"line":44,"column":null}},"17":{"start":{"line":45,"column":16},"end":{"line":45,"column":null}},"18":{"start":{"line":47,"column":12},"end":{"line":47,"column":null}},"19":{"start":{"line":51,"column":8},"end":{"line":64,"column":null}},"20":{"start":{"line":52,"column":12},"end":{"line":58,"column":null}},"21":{"start":{"line":53,"column":16},"end":{"line":53,"column":null}},"22":{"start":{"line":54,"column":16},"end":{"line":54,"column":null}},"23":{"start":{"line":56,"column":16},"end":{"line":56,"column":null}},"24":{"start":{"line":57,"column":16},"end":{"line":57,"column":null}},"25":{"start":{"line":59,"column":15},"end":{"line":64,"column":null}},"26":{"start":{"line":60,"column":12},"end":{"line":63,"column":null}},"27":{"start":{"line":61,"column":16},"end":{"line":61,"column":null}},"28":{"start":{"line":62,"column":16},"end":{"line":62,"column":null}},"29":{"start":{"line":67,"column":24},"end":{"line":67,"column":null}}},"fnMap":{"0":{"name":"BottomSheet","decl":{"start":{"line":18,"column":24},"end":{"line":18,"column":36}},"loc":{"start":{"line":25,"column":19},"end":{"line":124,"column":null}}},"1":{"name":"(anonymous_6)","decl":{"start":{"line":30,"column":38},"end":{"line":30,"column":39}},"loc":{"start":{"line":30,"column":47},"end":{"line":65,"column":7}}}},"branchMap":{"0":{"loc":{"start":{"line":23,"column":4},"end":{"line":23,"column":null}},"type":"default-arg","locations":[{"start":{"line":23,"column":17},"end":{"line":23,"column":null}}]},"1":{"loc":{"start":{"line":24,"column":4},"end":{"line":24,"column":18}},"type":"default-arg","locations":[{"start":{"line":24,"column":16},"end":{"line":24,"column":18}}]},"2":{"loc":{"start":{"line":35,"column":8},"end":{"line":39,"column":null}},"type":"if","locations":[{"start":{"line":35,"column":8},"end":{"line":39,"column":null}},{"start":{},"end":{}}]},"3":{"loc":{"start":{"line":35,"column":12},"end":{"line":35,"column":44}},"type":"binary-expr","locations":[{"start":{"line":35,"column":12},"end":{"line":35,"column":30}},{"start":{"line":35,"column":30},"end":{"line":35,"column":44}}]},"4":{"loc":{"start":{"line":42,"column":8},"end":{"line":48,"column":null}},"type":"if","locations":[{"start":{"line":42,"column":8},"end":{"line":48,"column":null}},{"start":{},"end":{}}]},"5":{"loc":{"start":{"line":43,"column":12},"end":{"line":46,"column":null}},"type":"if","locations":[{"start":{"line":43,"column":12},"end":{"line":46,"column":null}},{"start":{},"end":{}}]},"6":{"loc":{"start":{"line":51,"column":8},"end":{"line":64,"column":null}},"type":"if","locations":[{"start":{"line":51,"column":8},"end":{"line":64,"column":null}},{"start":{"line":59,"column":15},"end":{"line":64,"column":null}}]},"7":{"loc":{"start":{"line":52,"column":12},"end":{"line":58,"column":null}},"type":"if","locations":[{"start":{"line":52,"column":12},"end":{"line":58,"column":null}},{"start":{"line":55,"column":19},"end":{"line":58,"column":null}}]},"8":{"loc":{"start":{"line":59,"column":15},"end":{"line":64,"column":null}},"type":"if","locations":[{"start":{"line":59,"column":15},"end":{"line":64,"column":null}},{"start":{},"end":{}}]},"9":{"loc":{"start":{"line":60,"column":12},"end":{"line":63,"column":null}},"type":"if","locations":[{"start":{"line":60,"column":12},"end":{"line":63,"column":null}},{"start":{},"end":{}}]},"10":{"loc":{"start":{"line":67,"column":24},"end":{"line":67,"column":null}},"type":"binary-expr","locations":[{"start":{"line":67,"column":24},"end":{"line":67,"column":47}},{"start":{"line":67,"column":51},"end":{"line":67,"column":null}}]},"11":{"loc":{"start":{"line":71,"column":13},"end":{"line":71,"column":null}},"type":"binary-expr","locations":[{"start":{"line":71,"column":13},"end":{"line":71,"column":null}}]},"12":{"loc":{"start":{"line":102,"column":25},"end":{"line":102,"column":null}},"type":"binary-expr","locations":[{"start":{"line":102,"column":25},"end":{"line":102,"column":null}}]}},"s":{"0":4,"1":1,"2":1,"3":1,"4":4,"5":4,"6":4,"7":4,"8":0,"9":0,"10":0,"11":0,"12":0,"13":0,"14":0,"15":0,"16":0,"17":0,"18":0,"19":0,"20":0,"21":0,"22":0,"23":0,"24":0,"25":0,"26":0,"27":0,"28":0,"29":4},"f":{"0":4,"1":0},"b":{"0":[4],"1":[4],"2":[0,0],"3":[0,0],"4":[0,0],"5":[0,0],"6":[0,0],"7":[0,0],"8":[0,0],"9":[0,0],"10":[4,0],"11":[4],"12":[3]}}
,"C:\\Users\\droma\\OneDrive\\Desktop\\BASIC TIBRAH2\\contexts\\LanguageContext.tsx": {"path":"C:\\Users\\droma\\OneDrive\\Desktop\\BASIC TIBRAH2\\contexts\\LanguageContext.tsx","statementMap":{"0":{"start":{"line":47,"column":16},"end":{"line":47,"column":32}},"1":{"start":{"line":92,"column":0},"end":{"line":92,"column":15}},"2":{"start":{"line":22,"column":13},"end":{"line":22,"column":25}},"3":{"start":{"line":84,"column":16},"end":{"line":84,"column":27}},"4":{"start":{"line":5,"column":94},"end":{"line":5,"column":null}},"5":{"start":{"line":8,"column":27},"end":{"line":8,"column":null}},"6":{"start":{"line":9,"column":27},"end":{"line":9,"column":null}},"7":{"start":{"line":22,"column":28},"end":{"line":25,"column":null}},"8":{"start":{"line":39,"column":24},"end":{"line":45,"column":null}},"9":{"start":{"line":42,"column":16},"end":{"line":42,"column":null}},"10":{"start":{"line":48,"column":41},"end":{"line":48,"column":null}},"11":{"start":{"line":51,"column":4},"end":{"line":58,"column":null}},"12":{"start":{"line":52,"column":8},"end":{"line":57,"column":null}},"13":{"start":{"line":53,"column":26},"end":{"line":53,"column":null}},"14":{"start":{"line":54,"column":12},"end":{"line":56,"column":null}},"15":{"start":{"line":55,"column":16},"end":{"line":55,"column":null}},"16":{"start":{"line":60,"column":24},"end":{"line":68,"column":null}},"17":{"start":{"line":61,"column":8},"end":{"line":61,"column":null}},"18":{"start":{"line":62,"column":8},"end":{"line":67,"column":null}},"19":{"start":{"line":63,"column":12},"end":{"line":63,"column":null}},"20":{"start":{"line":65,"column":12},"end":{"line":65,"column":null}},"21":{"start":{"line":66,"column":12},"end":{"line":66,"column":null}},"22":{"start":{"line":70,"column":14},"end":{"line":72,"column":null}},"23":{"start":{"line":71,"column":8},"end":{"line":71,"column":null}},"24":{"start":{"line":74,"column":16},"end":{"line":74,"column":null}},"25":{"start":{"line":75,"column":18},"end":{"line":75,"column":null}},"26":{"start":{"line":85,"column":20},"end":{"line":85,"column":null}},"27":{"start":{"line":86,"column":4},"end":{"line":88,"column":null}},"28":{"start":{"line":87,"column":8},"end":{"line":87,"column":null}},"29":{"start":{"line":89,"column":4},"end":{"line":89,"column":null}},"30":{"start":{"line":92,"column":15},"end":{"line":92,"column":31}}},"fnMap":{"0":{"name":"(anonymous_9)","decl":{"start":{"line":41,"column":17},"end":{"line":41,"column":25}},"loc":{"start":{"line":41,"column":17},"end":{"line":41,"column":null}}},"1":{"name":"(anonymous_10)","decl":{"start":{"line":42,"column":7},"end":{"line":42,"column":8}},"loc":{"start":{"line":42,"column":16},"end":{"line":42,"column":null}}},"2":{"name":"LanguageProvider","decl":{"start":{"line":47,"column":16},"end":{"line":47,"column":32}},"loc":{"start":{"line":47,"column":70},"end":{"line":82,"column":null}}},"3":{"name":"(anonymous_12)","decl":{"start":{"line":51,"column":14},"end":{"line":51,"column":null}},"loc":{"start":{"line":51,"column":14},"end":{"line":58,"column":7}}},"4":{"name":"(anonymous_13)","decl":{"start":{"line":60,"column":36},"end":{"line":60,"column":37}},"loc":{"start":{"line":60,"column":37},"end":{"line":68,"column":7}}},"5":{"name":"(anonymous_14)","decl":{"start":{"line":70,"column":26},"end":{"line":70,"column":27}},"loc":{"start":{"line":70,"column":27},"end":{"line":72,"column":7}}},"6":{"name":"useLanguage","decl":{"start":{"line":84,"column":16},"end":{"line":84,"column":27}},"loc":{"start":{"line":84,"column":16},"end":{"line":90,"column":null}}}},"branchMap":{"0":{"loc":{"start":{"line":52,"column":8},"end":{"line":57,"column":null}},"type":"if","locations":[{"start":{"line":52,"column":8},"end":{"line":57,"column":null}},{"start":{},"end":{}}]},"1":{"loc":{"start":{"line":54,"column":12},"end":{"line":56,"column":null}},"type":"if","locations":[{"start":{"line":54,"column":12},"end":{"line":56,"column":null}},{"start":{},"end":{}}]},"2":{"loc":{"start":{"line":54,"column":16},"end":{"line":54,"column":61}},"type":"binary-expr","locations":[{"start":{"line":54,"column":16},"end":{"line":54,"column":26}},{"start":{"line":54,"column":26},"end":{"line":54,"column":44}},{"start":{"line":54,"column":44},"end":{"line":54,"column":57}}]},"3":{"loc":{"start":{"line":62,"column":8},"end":{"line":67,"column":null}},"type":"if","locations":[{"start":{"line":62,"column":8},"end":{"line":67,"column":null}},{"start":{},"end":{}}]},"4":{"loc":{"start":{"line":65,"column":43},"end":{"line":65,"column":null}},"type":"cond-expr","locations":[{"start":{"line":65,"column":59},"end":{"line":65,"column":67}},{"start":{"line":65,"column":67},"end":{"line":65,"column":null}}]},"5":{"loc":{"start":{"line":71,"column":15},"end":{"line":71,"column":null}},"type":"binary-expr","locations":[{"start":{"line":71,"column":15},"end":{"line":71,"column":42}},{"start":{"line":71,"column":46},"end":{"line":71,"column":69}},{"start":{"line":71,"column":73},"end":{"line":71,"column":null}}]},"6":{"loc":{"start":{"line":74,"column":16},"end":{"line":74,"column":null}},"type":"cond-expr","locations":[{"start":{"line":74,"column":36},"end":{"line":74,"column":44}},{"start":{"line":74,"column":44},"end":{"line":74,"column":null}}]},"7":{"loc":{"start":{"line":86,"column":4},"end":{"line":88,"column":null}},"type":"if","locations":[{"start":{"line":86,"column":4},"end":{"line":88,"column":null}},{"start":{},"end":{}}]}},"s":{"0":0,"1":0,"2":533,"3":0,"4":1,"5":1,"6":1,"7":1,"8":1,"9":0,"10":0,"11":0,"12":0,"13":0,"14":0,"15":0,"16":0,"17":0,"18":0,"19":0,"20":0,"21":0,"22":0,"23":0,"24":0,"25":0,"26":0,"27":0,"28":0,"29":0,"30":1},"f":{"0":0,"1":0,"2":0,"3":0,"4":0,"5":0,"6":0},"b":{"0":[0,0],"1":[0,0],"2":[0,0,0],"3":[0,0],"4":[0,0],"5":[0,0,0],"6":[0,0],"7":[0,0]}}
,"C:\\Users\\droma\\OneDrive\\Desktop\\BASIC TIBRAH2\\hooks\\usePullToRefresh.ts": {"path":"C:\\Users\\droma\\OneDrive\\Desktop\\BASIC TIBRAH2\\hooks\\usePullToRefresh.ts","statementMap":{"0":{"start":{"line":12,"column":16},"end":{"line":12,"column":33}},"1":{"start":{"line":4,"column":57},"end":{"line":4,"column":null}},"2":{"start":{"line":13,"column":34},"end":{"line":13,"column":null}},"3":{"start":{"line":14,"column":40},"end":{"line":14,"column":null}},"4":{"start":{"line":15,"column":44},"end":{"line":15,"column":null}},"5":{"start":{"line":16,"column":19},"end":{"line":16,"column":null}},"6":{"start":{"line":17,"column":21},"end":{"line":17,"column":null}},"7":{"start":{"line":18,"column":25},"end":{"line":18,"column":null}},"8":{"start":{"line":20,"column":29},"end":{"line":25,"column":null}},"9":{"start":{"line":21,"column":19},"end":{"line":21,"column":39}},"10":{"start":{"line":22,"column":8},"end":{"line":22,"column":null}},"11":{"start":{"line":22,"column":37},"end":{"line":22,"column":null}},"12":{"start":{"line":23,"column":8},"end":{"line":23,"column":null}},"13":{"start":{"line":24,"column":8},"end":{"line":24,"column":null}},"14":{"start":{"line":27,"column":28},"end":{"line":34,"column":null}},"15":{"start":{"line":28,"column":8},"end":{"line":28,"column":null}},"16":{"start":{"line":28,"column":36},"end":{"line":28,"column":null}},"17":{"start":{"line":29,"column":8},"end":{"line":29,"column":null}},"18":{"start":{"line":30,"column":21},"end":{"line":30,"column":null}},"19":{"start":{"line":32,"column":25},"end":{"line":32,"column":null}},"20":{"start":{"line":33,"column":8},"end":{"line":33,"column":null}},"21":{"start":{"line":36,"column":27},"end":{"line":48,"column":null}},"22":{"start":{"line":37,"column":8},"end":{"line":37,"column":null}},"23":{"start":{"line":37,"column":22},"end":{"line":37,"column":null}},"24":{"start":{"line":38,"column":8},"end":{"line":45,"column":null}},"25":{"start":{"line":39,"column":12},"end":{"line":39,"column":null}},"26":{"start":{"line":40,"column":12},"end":{"line":44,"column":null}},"27":{"start":{"line":41,"column":16},"end":{"line":41,"column":null}},"28":{"start":{"line":43,"column":16},"end":{"line":43,"column":null}},"29":{"start":{"line":46,"column":8},"end":{"line":46,"column":null}},"30":{"start":{"line":47,"column":8},"end":{"line":47,"column":null}},"31":{"start":{"line":50,"column":4},"end":{"line":61,"column":null}},"32":{"start":{"line":51,"column":19},"end":{"line":51,"column":39}},"33":{"start":{"line":52,"column":8},"end":{"line":52,"column":null}},"34":{"start":{"line":52,"column":17},"end":{"line":52,"column":null}},"35":{"start":{"line":53,"column":8},"end":{"line":53,"column":null}},"36":{"start":{"line":54,"column":8},"end":{"line":54,"column":null}},"37":{"start":{"line":55,"column":8},"end":{"line":55,"column":null}},"38":{"start":{"line":56,"column":8},"end":{"line":60,"column":null}},"39":{"start":{"line":57,"column":12},"end":{"line":57,"column":null}},"40":{"start":{"line":58,"column":12},"end":{"line":58,"column":null}},"41":{"start":{"line":59,"column":12},"end":{"line":59,"column":null}},"42":{"start":{"line":63,"column":21},"end":{"line":63,"column":null}},"43":{"start":{"line":65,"column":4},"end":{"line":70,"column":null}}},"fnMap":{"0":{"name":"usePullToRefresh","decl":{"start":{"line":12,"column":16},"end":{"line":12,"column":33}},"loc":{"start":{"line":12,"column":99},"end":{"line":71,"column":null}}},"1":{"name":"(anonymous_2)","decl":{"start":{"line":20,"column":41},"end":{"line":20,"column":42}},"loc":{"start":{"line":20,"column":42},"end":{"line":25,"column":7}}},"2":{"name":"(anonymous_3)","decl":{"start":{"line":27,"column":40},"end":{"line":27,"column":41}},"loc":{"start":{"line":27,"column":41},"end":{"line":34,"column":7}}},"3":{"name":"(anonymous_4)","decl":{"start":{"line":36,"column":39},"end":{"line":36,"column":null}},"loc":{"start":{"line":36,"column":39},"end":{"line":48,"column":7}}},"4":{"name":"(anonymous_5)","decl":{"start":{"line":50,"column":14},"end":{"line":50,"column":null}},"loc":{"start":{"line":50,"column":14},"end":{"line":61,"column":7}}},"5":{"name":"(anonymous_6)","decl":{"start":{"line":56,"column":15},"end":{"line":56,"column":null}},"loc":{"start":{"line":56,"column":15},"end":{"line":60,"column":null}}}},"branchMap":{"0":{"loc":{"start":{"line":12,"column":46},"end":{"line":12,"column":60}},"type":"default-arg","locations":[{"start":{"line":12,"column":58},"end":{"line":12,"column":60}}]},"1":{"loc":{"start":{"line":12,"column":62},"end":{"line":12,"column":75}},"type":"default-arg","locations":[{"start":{"line":12,"column":72},"end":{"line":12,"column":75}}]},"2":{"loc":{"start":{"line":22,"column":8},"end":{"line":22,"column":null}},"type":"if","locations":[{"start":{"line":22,"column":8},"end":{"line":22,"column":null}},{"start":{},"end":{}}]},"3":{"loc":{"start":{"line":22,"column":12},"end":{"line":22,"column":37}},"type":"binary-expr","locations":[{"start":{"line":22,"column":12},"end":{"line":22,"column":19}},{"start":{"line":22,"column":19},"end":{"line":22,"column":37}}]},"4":{"loc":{"start":{"line":28,"column":8},"end":{"line":28,"column":null}},"type":"if","locations":[{"start":{"line":28,"column":8},"end":{"line":28,"column":null}},{"start":{},"end":{}}]},"5":{"loc":{"start":{"line":28,"column":12},"end":{"line":28,"column":36}},"type":"binary-expr","locations":[{"start":{"line":28,"column":12},"end":{"line":28,"column":24}},{"start":{"line":28,"column":24},"end":{"line":28,"column":36}}]},"6":{"loc":{"start":{"line":37,"column":8},"end":{"line":37,"column":null}},"type":"if","locations":[{"start":{"line":37,"column":8},"end":{"line":37,"column":null}},{"start":{},"end":{}}]},"7":{"loc":{"start":{"line":38,"column":8},"end":{"line":45,"column":null}},"type":"if","locations":[{"start":{"line":38,"column":8},"end":{"line":45,"column":null}},{"start":{},"end":{}}]},"8":{"loc":{"start":{"line":38,"column":12},"end":{"line":38,"column":54}},"type":"binary-expr","locations":[{"start":{"line":38,"column":12},"end":{"line":38,"column":41}},{"start":{"line":38,"column":41},"end":{"line":38,"column":54}}]},"9":{"loc":{"start":{"line":52,"column":8},"end":{"line":52,"column":null}},"type":"if","locations":[{"start":{"line":52,"column":8},"end":{"line":52,"column":null}},{"start":{},"end":{}}]}},"s":{"0":4,"1":1,"2":4,"3":4,"4":4,"5":4,"6":4,"7":4,"8":4,"9":0,"10":0,"11":0,"12":0,"13":0,"14":4,"15":0,"16":0,"17":0,"18":0,"19":0,"20":0,"21":4,"22":0,"23":0,"24":0,"25":0,"26":0,"27":0,"28":0,"29":0,"30":0,"31":4,"32":4,"33":4,"34":4,"35":0,"36":0,"37":0,"38":0,"39":0,"40":0,"41":0,"42":4,"43":4},"f":{"0":4,"1":0,"2":0,"3":0,"4":4,"5":0},"b":{"0":[3],"1":[3],"2":[0,0],"3":[0,0],"4":[0,0],"5":[0,0],"6":[0,0],"7":[0,0],"8":[0,0],"9":[4,0]}}
,"C:\\Users\\droma\\OneDrive\\Desktop\\BASIC TIBRAH2\\lib\\HapticFeedback.ts": {"path":"C:\\Users\\droma\\OneDrive\\Desktop\\BASIC TIBRAH2\\lib\\HapticFeedback.ts","statementMap":{"0":{"start":{"line":207,"column":0},"end":{"line":207,"column":15}},"1":{"start":{"line":189,"column":13},"end":{"line":189,"column":19}},"2":{"start":{"line":192,"column":16},"end":{"line":192,"column":25}},"3":{"start":{"line":7,"column":55},"end":{"line":7,"column":null}},"4":{"start":{"line":8,"column":26},"end":{"line":8,"column":null}},"5":{"start":{"line":17,"column":68},"end":{"line":25,"column":null}},"6":{"start":{"line":28,"column":12},"end":{"line":28,"column":null}},"7":{"start":{"line":29,"column":12},"end":{"line":29,"column":null}},"8":{"start":{"line":30,"column":12},"end":{"line":30,"column":null}},"9":{"start":{"line":33,"column":8},"end":{"line":33,"column":null}},"10":{"start":{"line":34,"column":8},"end":{"line":34,"column":null}},"11":{"start":{"line":38,"column":8},"end":{"line":41,"column":null}},"12":{"start":{"line":39,"column":12},"end":{"line":39,"column":null}},"13":{"start":{"line":40,"column":12},"end":{"line":40,"column":null}},"14":{"start":{"line":43,"column":8},"end":{"line":43,"column":null}},"15":{"start":{"line":45,"column":8},"end":{"line":50,"column":null}},"16":{"start":{"line":46,"column":12},"end":{"line":46,"column":37}},"17":{"start":{"line":49,"column":12},"end":{"line":49,"column":null}},"18":{"start":{"line":54,"column":8},"end":{"line":54,"column":null}},"19":{"start":{"line":54,"column":43},"end":{"line":54,"column":null}},"20":{"start":{"line":55,"column":8},"end":{"line":62,"column":null}},"21":{"start":{"line":56,"column":27},"end":{"line":56,"column":null}},"22":{"start":{"line":57,"column":12},"end":{"line":59,"column":null}},"23":{"start":{"line":58,"column":16},"end":{"line":58,"column":null}},"24":{"start":{"line":61,"column":12},"end":{"line":61,"column":null}},"25":{"start":{"line":69,"column":8},"end":{"line":69,"column":null}},"26":{"start":{"line":76,"column":8},"end":{"line":76,"column":null}},"27":{"start":{"line":77,"column":8},"end":{"line":79,"column":null}},"28":{"start":{"line":78,"column":12},"end":{"line":78,"column":null}},"29":{"start":{"line":86,"column":8},"end":{"line":86,"column":null}},"30":{"start":{"line":93,"column":9},"end":{"line":93,"column":null}},"31":{"start":{"line":93,"column":73},"end":{"line":93,"column":null}},"32":{"start":{"line":94,"column":9},"end":{"line":99,"column":null}},"33":{"start":{"line":95,"column":13},"end":{"line":95,"column":null}},"34":{"start":{"line":96,"column":13},"end":{"line":96,"column":null}},"35":{"start":{"line":98,"column":13},"end":{"line":98,"column":null}},"36":{"start":{"line":106,"column":8},"end":{"line":106,"column":null}},"37":{"start":{"line":106,"column":50},"end":{"line":106,"column":null}},"38":{"start":{"line":108,"column":8},"end":{"line":142,"column":null}},"39":{"start":{"line":109,"column":12},"end":{"line":139,"column":null}},"40":{"start":{"line":110,"column":16},"end":{"line":134,"column":null}},"41":{"start":{"line":112,"column":24},"end":{"line":112,"column":null}},"42":{"start":{"line":113,"column":24},"end":{"line":113,"column":null}},"43":{"start":{"line":115,"column":24},"end":{"line":115,"column":null}},"44":{"start":{"line":116,"column":24},"end":{"line":116,"column":null}},"45":{"start":{"line":118,"column":24},"end":{"line":118,"column":null}},"46":{"start":{"line":119,"column":24},"end":{"line":119,"column":null}},"47":{"start":{"line":121,"column":24},"end":{"line":121,"column":null}},"48":{"start":{"line":122,"column":24},"end":{"line":122,"column":null}},"49":{"start":{"line":124,"column":24},"end":{"line":124,"column":null}},"50":{"start":{"line":125,"column":24},"end":{"line":125,"column":null}},"51":{"start":{"line":127,"column":24},"end":{"line":127,"column":null}},"52":{"start":{"line":128,"column":24},"end":{"line":128,"column":null}},"53":{"start":{"line":130,"column":24},"end":{"line":130,"column":null}},"54":{"start":{"line":131,"column":24},"end":{"line":131,"column":null}},"55":{"start":{"line":132,"column":24},"end":{"line":132,"column":null}},"56":{"start":{"line":133,"column":24},"end":{"line":133,"column":null}},"57":{"start":{"line":135,"column":16},"end":{"line":135,"column":null}},"58":{"start":{"line":137,"column":16},"end":{"line":137,"column":null}},"59":{"start":{"line":138,"column":16},"end":{"line":138,"column":null}},"60":{"start":{"line":141,"column":13},"end":{"line":141,"column":null}},"61":{"start":{"line":146,"column":12},"end":{"line":146,"column":35}},"62":{"start":{"line":146,"column":35},"end":{"line":146,"column":48}},"63":{"start":{"line":147,"column":15},"end":{"line":147,"column":39}},"64":{"start":{"line":147,"column":39},"end":{"line":147,"column":52}},"65":{"start":{"line":148,"column":16},"end":{"line":148,"column":41}},"66":{"start":{"line":148,"column":41},"end":{"line":148,"column":54}},"67":{"start":{"line":149,"column":14},"end":{"line":149,"column":37}},"68":{"start":{"line":149,"column":37},"end":{"line":149,"column":50}},"69":{"start":{"line":150,"column":16},"end":{"line":150,"column":41}},"70":{"start":{"line":150,"column":41},"end":{"line":150,"column":54}},"71":{"start":{"line":151,"column":18},"end":{"line":151,"column":45}},"72":{"start":{"line":151,"column":45},"end":{"line":151,"column":58}},"73":{"start":{"line":157,"column":8},"end":{"line":157,"column":null}},"74":{"start":{"line":157,"column":50},"end":{"line":157,"column":null}},"75":{"start":{"line":159,"column":8},"end":{"line":174,"column":null}},"76":{"start":{"line":161,"column":13},"end":{"line":166,"column":null}},"77":{"start":{"line":162,"column":16},"end":{"line":162,"column":null}},"78":{"start":{"line":163,"column":16},"end":{"line":163,"column":null}},"79":{"start":{"line":165,"column":16},"end":{"line":165,"column":null}},"80":{"start":{"line":167,"column":15},"end":{"line":174,"column":null}},"81":{"start":{"line":168,"column":12},"end":{"line":173,"column":null}},"82":{"start":{"line":169,"column":16},"end":{"line":169,"column":null}},"83":{"start":{"line":170,"column":16},"end":{"line":170,"column":null}},"84":{"start":{"line":172,"column":16},"end":{"line":172,"column":null}},"85":{"start":{"line":175,"column":8},"end":{"line":175,"column":null}},"86":{"start":{"line":182,"column":8},"end":{"line":184,"column":null}},"87":{"start":{"line":183,"column":12},"end":{"line":183,"column":null}},"88":{"start":{"line":183,"column":18},"end":{"line":183,"column":40}},"89":{"start":{"line":189,"column":22},"end":{"line":189,"column":null}},"90":{"start":{"line":193,"column":4},"end":{"line":204,"column":null}},"91":{"start":{"line":207,"column":15},"end":{"line":207,"column":22}}},"fnMap":{"0":{"name":"(anonymous_4)","decl":{"start":{"line":32,"column":4},"end":{"line":32,"column":18}},"loc":{"start":{"line":32,"column":18},"end":{"line":35,"column":null}}},"1":{"name":"(anonymous_5)","decl":{"start":{"line":37,"column":12},"end":{"line":37,"column":33}},"loc":{"start":{"line":37,"column":33},"end":{"line":51,"column":null}}},"2":{"name":"(anonymous_6)","decl":{"start":{"line":53,"column":12},"end":{"line":53,"column":35}},"loc":{"start":{"line":53,"column":35},"end":{"line":63,"column":null}}},"3":{"name":"(anonymous_7)","decl":{"start":{"line":68,"column":4},"end":{"line":68,"column":27}},"loc":{"start":{"line":68,"column":27},"end":{"line":70,"column":null}}},"4":{"name":"(anonymous_8)","decl":{"start":{"line":75,"column":4},"end":{"line":75,"column":15}},"loc":{"start":{"line":75,"column":39},"end":{"line":80,"column":null}}},"5":{"name":"(anonymous_9)","decl":{"start":{"line":85,"column":4},"end":{"line":85,"column":26}},"loc":{"start":{"line":85,"column":26},"end":{"line":87,"column":null}}},"6":{"name":"(anonymous_10)","decl":{"start":{"line":92,"column":4},"end":{"line":92,"column":30}},"loc":{"start":{"line":92,"column":61},"end":{"line":100,"column":null}}},"7":{"name":"(anonymous_11)","decl":{"start":{"line":105,"column":4},"end":{"line":105,"column":10}},"loc":{"start":{"line":105,"column":67},"end":{"line":143,"column":null}}},"8":{"name":"(anonymous_12)","decl":{"start":{"line":146,"column":4},"end":{"line":146,"column":10}},"loc":{"start":{"line":146,"column":10},"end":{"line":146,"column":null}}},"9":{"name":"(anonymous_13)","decl":{"start":{"line":147,"column":4},"end":{"line":147,"column":13}},"loc":{"start":{"line":147,"column":13},"end":{"line":147,"column":null}}},"10":{"name":"(anonymous_14)","decl":{"start":{"line":148,"column":4},"end":{"line":148,"column":14}},"loc":{"start":{"line":148,"column":14},"end":{"line":148,"column":null}}},"11":{"name":"(anonymous_15)","decl":{"start":{"line":149,"column":4},"end":{"line":149,"column":12}},"loc":{"start":{"line":149,"column":12},"end":{"line":149,"column":null}}},"12":{"name":"(anonymous_16)","decl":{"start":{"line":150,"column":4},"end":{"line":150,"column":14}},"loc":{"start":{"line":150,"column":14},"end":{"line":150,"column":null}}},"13":{"name":"(anonymous_17)","decl":{"start":{"line":151,"column":4},"end":{"line":151,"column":16}},"loc":{"start":{"line":151,"column":16},"end":{"line":151,"column":null}}},"14":{"name":"(anonymous_18)","decl":{"start":{"line":156,"column":4},"end":{"line":156,"column":10}},"loc":{"start":{"line":156,"column":63},"end":{"line":176,"column":null}}},"15":{"name":"(anonymous_19)","decl":{"start":{"line":181,"column":4},"end":{"line":181,"column":17}},"loc":{"start":{"line":181,"column":17},"end":{"line":185,"column":null}}},"16":{"name":"useHaptic","decl":{"start":{"line":192,"column":16},"end":{"line":192,"column":25}},"loc":{"start":{"line":192,"column":16},"end":{"line":205,"column":null}}}},"branchMap":{"0":{"loc":{"start":{"line":38,"column":8},"end":{"line":41,"column":null}},"type":"if","locations":[{"start":{"line":38,"column":8},"end":{"line":41,"column":null}},{"start":{},"end":{}}]},"1":{"loc":{"start":{"line":45,"column":8},"end":{"line":50,"column":null}},"type":"if","locations":[{"start":{"line":45,"column":8},"end":{"line":50,"column":null}},{"start":{"line":47,"column":15},"end":{"line":50,"column":null}}]},"2":{"loc":{"start":{"line":54,"column":8},"end":{"line":54,"column":null}},"type":"if","locations":[{"start":{"line":54,"column":8},"end":{"line":54,"column":null}},{"start":{},"end":{}}]},"3":{"loc":{"start":{"line":57,"column":12},"end":{"line":59,"column":null}},"type":"if","locations":[{"start":{"line":57,"column":12},"end":{"line":59,"column":null}},{"start":{},"end":{}}]},"4":{"loc":{"start":{"line":69,"column":15},"end":{"line":69,"column":49}},"type":"binary-expr","locations":[{"start":{"line":69,"column":15},"end":{"line":69,"column":31}},{"start":{"line":69,"column":35},"end":{"line":69,"column":49}}]},"5":{"loc":{"start":{"line":77,"column":8},"end":{"line":79,"column":null}},"type":"if","locations":[{"start":{"line":77,"column":8},"end":{"line":79,"column":null}},{"start":{},"end":{}}]},"6":{"loc":{"start":{"line":93,"column":9},"end":{"line":93,"column":null}},"type":"if","locations":[{"start":{"line":93,"column":9},"end":{"line":93,"column":null}},{"start":{},"end":{}}]},"7":{"loc":{"start":{"line":93,"column":13},"end":{"line":93,"column":71}},"type":"binary-expr","locations":[{"start":{"line":93,"column":13},"end":{"line":93,"column":30}},{"start":{"line":93,"column":34},"end":{"line":93,"column":49}},{"start":{"line":93,"column":53},"end":{"line":93,"column":71}}]},"8":{"loc":{"start":{"line":105,"column":18},"end":{"line":105,"column":47}},"type":"default-arg","locations":[{"start":{"line":105,"column":40},"end":{"line":105,"column":47}}]},"9":{"loc":{"start":{"line":106,"column":8},"end":{"line":106,"column":null}},"type":"if","locations":[{"start":{"line":106,"column":8},"end":{"line":106,"column":null}},{"start":{},"end":{}}]},"10":{"loc":{"start":{"line":106,"column":12},"end":{"line":106,"column":48}},"type":"binary-expr","locations":[{"start":{"line":106,"column":12},"end":{"line":106,"column":29}},{"start":{"line":106,"column":33},"end":{"line":106,"column":48}}]},"11":{"loc":{"start":{"line":108,"column":8},"end":{"line":142,"column":null}},"type":"if","locations":[{"start":{"line":108,"column":8},"end":{"line":142,"column":null}},{"start":{"line":140,"column":15},"end":{"line":142,"column":null}}]},"12":{"loc":{"start":{"line":110,"column":16},"end":{"line":134,"column":null}},"type":"switch","locations":[{"start":{"line":111,"column":20},"end":{"line":113,"column":null}},{"start":{"line":114,"column":20},"end":{"line":116,"column":null}},{"start":{"line":117,"column":20},"end":{"line":119,"column":null}},{"start":{"line":120,"column":20},"end":{"line":122,"column":null}},{"start":{"line":123,"column":20},"end":{"line":125,"column":null}},{"start":{"line":126,"column":20},"end":{"line":128,"column":null}},{"start":{"line":129,"column":20},"end":{"line":133,"column":null}}]},"13":{"loc":{"start":{"line":157,"column":8},"end":{"line":157,"column":null}},"type":"if","locations":[{"start":{"line":157,"column":8},"end":{"line":157,"column":null}},{"start":{},"end":{}}]},"14":{"loc":{"start":{"line":157,"column":12},"end":{"line":157,"column":48}},"type":"binary-expr","locations":[{"start":{"line":157,"column":12},"end":{"line":157,"column":29}},{"start":{"line":157,"column":33},"end":{"line":157,"column":48}}]},"15":{"loc":{"start":{"line":159,"column":8},"end":{"line":174,"column":null}},"type":"if","locations":[{"start":{"line":159,"column":8},"end":{"line":174,"column":null}},{"start":{"line":167,"column":15},"end":{"line":174,"column":null}}]},"16":{"loc":{"start":{"line":162,"column":50},"end":{"line":162,"column":96}},"type":"cond-expr","locations":[{"start":{"line":162,"column":75},"end":{"line":162,"column":85}},{"start":{"line":162,"column":88},"end":{"line":162,"column":96}}]},"17":{"loc":{"start":{"line":167,"column":15},"end":{"line":174,"column":null}},"type":"if","locations":[{"start":{"line":167,"column":15},"end":{"line":174,"column":null}},{"start":{},"end":{}}]},"18":{"loc":{"start":{"line":182,"column":8},"end":{"line":184,"column":null}},"type":"if","locations":[{"start":{"line":182,"column":8},"end":{"line":184,"column":null}},{"start":{},"end":{}}]},"19":{"loc":{"start":{"line":182,"column":12},"end":{"line":182,"column":47}},"type":"binary-expr","locations":[{"start":{"line":182,"column":12},"end":{"line":182,"column":26}},{"start":{"line":182,"column":30},"end":{"line":182,"column":47}}]}},"s":{"0":0,"1":0,"2":4,"3":1,"4":1,"5":1,"6":1,"7":1,"8":1,"9":1,"10":1,"11":1,"12":0,"13":0,"14":1,"15":1,"16":0,"17":1,"18":1,"19":0,"20":1,"21":1,"22":1,"23":0,"24":0,"25":4,"26":0,"27":0,"28":0,"29":4,"30":0,"31":0,"32":0,"33":0,"34":0,"35":0,"36":0,"37":0,"38":0,"39":0,"40":0,"41":0,"42":0,"43":0,"44":0,"45":0,"46":0,"47":0,"48":0,"49":0,"50":0,"51":0,"52":0,"53":0,"54":0,"55":0,"56":0,"57":0,"58":0,"59":0,"60":0,"61":0,"62":0,"63":0,"64":0,"65":0,"66":0,"67":0,"68":0,"69":0,"70":0,"71":0,"72":0,"73":0,"74":0,"75":0,"76":0,"77":0,"78":0,"79":0,"80":0,"81":0,"82":0,"83":0,"84":0,"85":0,"86":0,"87":0,"88":0,"89":1,"90":4,"91":1},"f":{"0":1,"1":1,"2":1,"3":4,"4":0,"5":4,"6":0,"7":0,"8":0,"9":0,"10":0,"11":0,"12":0,"13":0,"14":0,"15":0,"16":4},"b":{"0":[0,1],"1":[0,1],"2":[0,1],"3":[0,1],"4":[4,0],"5":[0,0],"6":[0,0],"7":[0,0,0],"8":[0],"9":[0,0],"10":[0,0],"11":[0,0],"12":[0,0,0,0,0,0,0],"13":[0,0],"14":[0,0],"15":[0,0],"16":[0,0],"17":[0,0],"18":[0,0],"19":[0,0]}}
,"C:\\Users\\droma\\OneDrive\\Desktop\\BASIC TIBRAH2\\lib\\apiMiddleware.ts": {"path":"C:\\Users\\droma\\OneDrive\\Desktop\\BASIC TIBRAH2\\lib\\apiMiddleware.ts","statementMap":{"0":{"start":{"line":103,"column":16},"end":{"line":103,"column":26}},"1":{"start":{"line":43,"column":16},"end":{"line":43,"column":30}},"2":{"start":{"line":29,"column":16},"end":{"line":29,"column":27}},"3":{"start":{"line":90,"column":16},"end":{"line":90,"column":32}},"4":{"start":{"line":95,"column":16},"end":{"line":95,"column":27}},"5":{"start":{"line":80,"column":16},"end":{"line":80,"column":30}},"6":{"start":{"line":107,"column":16},"end":{"line":107,"column":27}},"7":{"start":{"line":72,"column":16},"end":{"line":72,"column":32}},"8":{"start":{"line":128,"column":16},"end":{"line":128,"column":30}},"9":{"start":{"line":17,"column":23},"end":{"line":17,"column":null}},"10":{"start":{"line":20,"column":0},"end":{"line":27,"column":null}},"11":{"start":{"line":21,"column":16},"end":{"line":21,"column":null}},"12":{"start":{"line":22,"column":4},"end":{"line":26,"column":null}},"13":{"start":{"line":23,"column":8},"end":{"line":25,"column":null}},"14":{"start":{"line":24,"column":12},"end":{"line":24,"column":null}},"15":{"start":{"line":30,"column":4},"end":{"line":33,"column":null}},"16":{"start":{"line":48,"column":16},"end":{"line":48,"column":null}},"17":{"start":{"line":49,"column":16},"end":{"line":49,"column":26}},"18":{"start":{"line":50,"column":18},"end":{"line":50,"column":null}},"19":{"start":{"line":52,"column":4},"end":{"line":55,"column":null}},"20":{"start":{"line":53,"column":8},"end":{"line":53,"column":null}},"21":{"start":{"line":54,"column":8},"end":{"line":54,"column":null}},"22":{"start":{"line":57,"column":4},"end":{"line":57,"column":null}},"23":{"start":{"line":58,"column":22},"end":{"line":58,"column":null}},"24":{"start":{"line":59,"column":20},"end":{"line":59,"column":null}},"25":{"start":{"line":61,"column":4},"end":{"line":65,"column":null}},"26":{"start":{"line":76,"column":20},"end":{"line":76,"column":null}},"27":{"start":{"line":76,"column":39},"end":{"line":76,"column":null}},"28":{"start":{"line":77,"column":4},"end":{"line":77,"column":null}},"29":{"start":{"line":81,"column":4},"end":{"line":81,"column":null}},"30":{"start":{"line":81,"column":35},"end":{"line":81,"column":null}},"31":{"start":{"line":83,"column":4},"end":{"line":83,"column":null}},"32":{"start":{"line":91,"column":4},"end":{"line":91,"column":null}},"33":{"start":{"line":92,"column":4},"end":{"line":92,"column":null}},"34":{"start":{"line":96,"column":4},"end":{"line":100,"column":null}},"35":{"start":{"line":104,"column":4},"end":{"line":104,"column":null}},"36":{"start":{"line":108,"column":4},"end":{"line":108,"column":null}},"37":{"start":{"line":132,"column":4},"end":{"line":185,"column":null}},"38":{"start":{"line":134,"column":23},"end":{"line":134,"column":null}},"39":{"start":{"line":135,"column":31},"end":{"line":139,"column":null}},"40":{"start":{"line":141,"column":8},"end":{"line":143,"column":null}},"41":{"start":{"line":142,"column":12},"end":{"line":142,"column":null}},"42":{"start":{"line":144,"column":8},"end":{"line":144,"column":null}},"43":{"start":{"line":145,"column":8},"end":{"line":145,"column":null}},"44":{"start":{"line":146,"column":8},"end":{"line":146,"column":null}},"45":{"start":{"line":147,"column":8},"end":{"line":147,"column":null}},"46":{"start":{"line":150,"column":8},"end":{"line":152,"column":null}},"47":{"start":{"line":151,"column":12},"end":{"line":151,"column":null}},"48":{"start":{"line":155,"column":31},"end":{"line":155,"column":null}},"49":{"start":{"line":156,"column":8},"end":{"line":158,"column":null}},"50":{"start":{"line":157,"column":12},"end":{"line":157,"column":null}},"51":{"start":{"line":161,"column":8},"end":{"line":167,"column":null}},"52":{"start":{"line":162,"column":23},"end":{"line":162,"column":null}},"53":{"start":{"line":163,"column":32},"end":{"line":163,"column":null}},"54":{"start":{"line":164,"column":12},"end":{"line":166,"column":null}},"55":{"start":{"line":165,"column":16},"end":{"line":165,"column":null}},"56":{"start":{"line":170,"column":8},"end":{"line":175,"column":null}},"57":{"start":{"line":171,"column":39},"end":{"line":171,"column":null}},"58":{"start":{"line":172,"column":12},"end":{"line":174,"column":null}},"59":{"start":{"line":173,"column":16},"end":{"line":173,"column":null}},"60":{"start":{"line":178,"column":8},"end":{"line":184,"column":null}},"61":{"start":{"line":179,"column":12},"end":{"line":179,"column":null}},"62":{"start":{"line":181,"column":28},"end":{"line":181,"column":null}},"63":{"start":{"line":182,"column":12},"end":{"line":182,"column":null}},"64":{"start":{"line":183,"column":12},"end":{"line":183,"column":null}}},"fnMap":{"0":{"name":"(anonymous_10)","decl":{"start":{"line":20,"column":12},"end":{"line":20,"column":null}},"loc":{"start":{"line":20,"column":12},"end":{"line":27,"column":3}}},"1":{"name":"getClientIp","decl":{"start":{"line":29,"column":16},"end":{"line":29,"column":27}},"loc":{"start":{"line":29,"column":47},"end":{"line":35,"column":null}}},"2":{"name":"checkRateLimit","decl":{"start":{"line":43,"column":16},"end":{"line":43,"column":30}},"loc":{"start":{"line":46,"column":32},"end":{"line":66,"column":null}}},"3":{"name":"validateRequired","decl":{"start":{"line":72,"column":16},"end":{"line":72,"column":32}},"loc":{"start":{"line":74,"column":20},"end":{"line":78,"column":null}}},"4":{"name":"(anonymous_14)","decl":{"start":{"line":76,"column":34},"end":{"line":76,"column":39}},"loc":{"start":{"line":76,"column":39},"end":{"line":76,"column":null}}},"5":{"name":"sanitizeString","decl":{"start":{"line":80,"column":16},"end":{"line":80,"column":30}},"loc":{"start":{"line":80,"column":71},"end":{"line":84,"column":null}}},"6":{"name":"methodNotAllowed","decl":{"start":{"line":90,"column":16},"end":{"line":90,"column":32}},"loc":{"start":{"line":90,"column":79},"end":{"line":93,"column":null}}},"7":{"name":"rateLimited","decl":{"start":{"line":95,"column":16},"end":{"line":95,"column":27}},"loc":{"start":{"line":95,"column":48},"end":{"line":101,"column":null}}},"8":{"name":"badRequest","decl":{"start":{"line":103,"column":16},"end":{"line":103,"column":26}},"loc":{"start":{"line":103,"column":83},"end":{"line":105,"column":null}}},"9":{"name":"serverError","decl":{"start":{"line":107,"column":16},"end":{"line":107,"column":27}},"loc":{"start":{"line":107,"column":91},"end":{"line":109,"column":null}}},"10":{"name":"withMiddleware","decl":{"start":{"line":128,"column":16},"end":{"line":128,"column":30}},"loc":{"start":{"line":130,"column":35},"end":{"line":186,"column":null}}},"11":{"name":"(anonymous_21)","decl":{"start":{"line":132,"column":11},"end":{"line":132,"column":18}},"loc":{"start":{"line":132,"column":39},"end":{"line":185,"column":null}}}},"branchMap":{"0":{"loc":{"start":{"line":23,"column":8},"end":{"line":25,"column":null}},"type":"if","locations":[{"start":{"line":23,"column":8},"end":{"line":25,"column":null}},{"start":{},"end":{}}]},"1":{"loc":{"start":{"line":31,"column":8},"end":{"line":33,"column":null}},"type":"binary-expr","locations":[{"start":{"line":31,"column":8},"end":{"line":31,"column":null}},{"start":{"line":32,"column":8},"end":{"line":32,"column":null}},{"start":{"line":33,"column":8},"end":{"line":33,"column":null}}]},"2":{"loc":{"start":{"line":45,"column":4},"end":{"line":45,"column":28}},"type":"default-arg","locations":[{"start":{"line":45,"column":26},"end":{"line":45,"column":28}}]},"3":{"loc":{"start":{"line":46,"column":4},"end":{"line":46,"column":32}},"type":"default-arg","locations":[{"start":{"line":46,"column":23},"end":{"line":46,"column":32}}]},"4":{"loc":{"start":{"line":52,"column":4},"end":{"line":55,"column":null}},"type":"if","locations":[{"start":{"line":52,"column":4},"end":{"line":55,"column":null}},{"start":{},"end":{}}]},"5":{"loc":{"start":{"line":52,"column":8},"end":{"line":52,"column":39}},"type":"binary-expr","locations":[{"start":{"line":52,"column":8},"end":{"line":52,"column":18}},{"start":{"line":52,"column":18},"end":{"line":52,"column":39}}]},"6":{"loc":{"start":{"line":76,"column":39},"end":{"line":76,"column":null}},"type":"binary-expr","locations":[{"start":{"line":76,"column":39},"end":{"line":76,"column":64}},{"start":{"line":76,"column":64},"end":{"line":76,"column":84}},{"start":{"line":76,"column":84},"end":{"line":76,"column":null}}]},"7":{"loc":{"start":{"line":80,"column":47},"end":{"line":80,"column":71}},"type":"default-arg","locations":[{"start":{"line":80,"column":67},"end":{"line":80,"column":71}}]},"8":{"loc":{"start":{"line":81,"column":4},"end":{"line":81,"column":null}},"type":"if","locations":[{"start":{"line":81,"column":4},"end":{"line":81,"column":null}},{"start":{},"end":{}}]},"9":{"loc":{"start":{"line":90,"column":55},"end":{"line":90,"column":79}},"type":"default-arg","locations":[{"start":{"line":90,"column":73},"end":{"line":90,"column":79}}]},"10":{"loc":{"start":{"line":107,"column":50},"end":{"line":107,"column":91}},"type":"default-arg","locations":[{"start":{"line":107,"column":68},"end":{"line":107,"column":91}}]},"11":{"loc":{"start":{"line":130,"column":4},"end":{"line":130,"column":35}},"type":"default-arg","locations":[{"start":{"line":130,"column":33},"end":{"line":130,"column":35}}]},"12":{"loc":{"start":{"line":134,"column":23},"end":{"line":134,"column":null}},"type":"binary-expr","locations":[{"start":{"line":134,"column":23},"end":{"line":134,"column":41}},{"start":{"line":134,"column":45},"end":{"line":134,"column":null}}]},"13":{"loc":{"start":{"line":141,"column":8},"end":{"line":143,"column":null}},"type":"if","locations":[{"start":{"line":141,"column":8},"end":{"line":143,"column":null}},{"start":{},"end":{}}]},"14":{"loc":{"start":{"line":141,"column":12},"end":{"line":141,"column":87}},"type":"binary-expr","locations":[{"start":{"line":141,"column":12},"end":{"line":141,"column":47}},{"start":{"line":141,"column":47},"end":{"line":141,"column":87}}]},"15":{"loc":{"start":{"line":142,"column":57},"end":{"line":142,"column":null}},"type":"binary-expr","locations":[{"start":{"line":142,"column":57},"end":{"line":142,"column":67}},{"start":{"line":142,"column":67},"end":{"line":142,"column":null}}]},"16":{"loc":{"start":{"line":144,"column":55},"end":{"line":144,"column":84}},"type":"binary-expr","locations":[{"start":{"line":144,"column":55},"end":{"line":144,"column":70}},{"start":{"line":144,"column":74},"end":{"line":144,"column":84}}]},"17":{"loc":{"start":{"line":150,"column":8},"end":{"line":152,"column":null}},"type":"if","locations":[{"start":{"line":150,"column":8},"end":{"line":152,"column":null}},{"start":{},"end":{}}]},"18":{"loc":{"start":{"line":155,"column":31},"end":{"line":155,"column":null}},"type":"binary-expr","locations":[{"start":{"line":155,"column":31},"end":{"line":155,"column":46}},{"start":{"line":155,"column":50},"end":{"line":155,"column":null}}]},"19":{"loc":{"start":{"line":156,"column":8},"end":{"line":158,"column":null}},"type":"if","locations":[{"start":{"line":156,"column":8},"end":{"line":158,"column":null}},{"start":{},"end":{}}]},"20":{"loc":{"start":{"line":156,"column":37},"end":{"line":156,"column":56}},"type":"binary-expr","locations":[{"start":{"line":156,"column":37},"end":{"line":156,"column":47}},{"start":{"line":156,"column":51},"end":{"line":156,"column":56}}]},"21":{"loc":{"start":{"line":161,"column":8},"end":{"line":167,"column":null}},"type":"if","locations":[{"start":{"line":161,"column":8},"end":{"line":167,"column":null}},{"start":{},"end":{}}]},"22":{"loc":{"start":{"line":164,"column":12},"end":{"line":166,"column":null}},"type":"if","locations":[{"start":{"line":164,"column":12},"end":{"line":166,"column":null}},{"start":{},"end":{}}]},"23":{"loc":{"start":{"line":170,"column":8},"end":{"line":175,"column":null}},"type":"if","locations":[{"start":{"line":170,"column":8},"end":{"line":175,"column":null}},{"start":{},"end":{}}]},"24":{"loc":{"start":{"line":170,"column":12},"end":{"line":170,"column":46}},"type":"binary-expr","locations":[{"start":{"line":170,"column":12},"end":{"line":170,"column":34}},{"start":{"line":170,"column":38},"end":{"line":170,"column":46}}]},"25":{"loc":{"start":{"line":172,"column":12},"end":{"line":174,"column":null}},"type":"if","locations":[{"start":{"line":172,"column":12},"end":{"line":174,"column":null}},{"start":{},"end":{}}]},"26":{"loc":{"start":{"line":181,"column":28},"end":{"line":181,"column":null}},"type":"cond-expr","locations":[{"start":{"line":181,"column":53},"end":{"line":181,"column":66}},{"start":{"line":181,"column":69},"end":{"line":181,"column":null}}]}},"s":{"0":0,"1":7,"2":0,"3":0,"4":0,"5":4,"6":0,"7":3,"8":0,"9":1,"10":1,"11":0,"12":0,"13":0,"14":0,"15":0,"16":7,"17":7,"18":7,"19":7,"20":4,"21":4,"22":3,"23":3,"24":3,"25":3,"26":3,"27":5,"28":3,"29":4,"30":0,"31":4,"32":0,"33":0,"34":0,"35":0,"36":0,"37":0,"38":0,"39":0,"40":0,"41":0,"42":0,"43":0,"44":0,"45":0,"46":0,"47":0,"48":0,"49":0,"50":0,"51":0,"52":0,"53":0,"54":0,"55":0,"56":0,"57":0,"58":0,"59":0,"60":0,"61":0,"62":0,"63":0,"64":0},"f":{"0":0,"1":0,"2":7,"3":3,"4":5,"5":4,"6":0,"7":0,"8":0,"9":0,"10":0,"11":0},"b":{"0":[0,0],"1":[0,0,0],"2":[0],"3":[0],"4":[4,3],"5":[7,3],"6":[5,3,3],"7":[3],"8":[0,4],"9":[0],"10":[0],"11":[0],"12":[0,0],"13":[0,0],"14":[0,0],"15":[0,0],"16":[0,0],"17":[0,0],"18":[0,0],"19":[0,0],"20":[0,0],"21":[0,0],"22":[0,0],"23":[0,0],"24":[0,0],"25":[0,0],"26":[0,0]}}
,"C:\\Users\\droma\\OneDrive\\Desktop\\BASIC TIBRAH2\\lib\\errorMonitoring.ts": {"path":"C:\\Users\\droma\\OneDrive\\Desktop\\BASIC TIBRAH2\\lib\\errorMonitoring.ts","statementMap":{"0":{"start":{"line":181,"column":16},"end":{"line":181,"column":27}},"1":{"start":{"line":224,"column":0},"end":{"line":224,"column":15}},"2":{"start":{"line":157,"column":16},"end":{"line":157,"column":31}},"3":{"start":{"line":149,"column":16},"end":{"line":149,"column":25}},"4":{"start":{"line":192,"column":16},"end":{"line":192,"column":35}},"5":{"start":{"line":127,"column":16},"end":{"line":127,"column":29}},"6":{"start":{"line":79,"column":16},"end":{"line":79,"column":26}},"7":{"start":{"line":138,"column":16},"end":{"line":138,"column":33}},"8":{"start":{"line":27,"column":19},"end":{"line":27,"column":null}},"9":{"start":{"line":28,"column":20},"end":{"line":28,"column":null}},"10":{"start":{"line":30,"column":31},"end":{"line":30,"column":33}},"11":{"start":{"line":31,"column":18},"end":{"line":31,"column":null}},"12":{"start":{"line":34,"column":4},"end":{"line":34,"column":null}},"13":{"start":{"line":34,"column":39},"end":{"line":34,"column":null}},"14":{"start":{"line":35,"column":4},"end":{"line":42,"column":null}},"15":{"start":{"line":36,"column":23},"end":{"line":36,"column":null}},"16":{"start":{"line":37,"column":8},"end":{"line":39,"column":null}},"17":{"start":{"line":38,"column":12},"end":{"line":38,"column":null}},"18":{"start":{"line":41,"column":8},"end":{"line":41,"column":null}},"19":{"start":{"line":46,"column":4},"end":{"line":46,"column":null}},"20":{"start":{"line":46,"column":39},"end":{"line":46,"column":null}},"21":{"start":{"line":47,"column":4},"end":{"line":57,"column":null}},"22":{"start":{"line":49,"column":24},"end":{"line":49,"column":null}},"23":{"start":{"line":50,"column":8},"end":{"line":50,"column":null}},"24":{"start":{"line":53,"column":8},"end":{"line":53,"column":null}},"25":{"start":{"line":54,"column":8},"end":{"line":56,"column":null}},"26":{"start":{"line":55,"column":12},"end":{"line":55,"column":null}},"27":{"start":{"line":62,"column":15},"end":{"line":62,"column":null}},"28":{"start":{"line":63,"column":16},"end":{"line":63,"column":38}},"29":{"start":{"line":64,"column":4},"end":{"line":68,"column":null}},"30":{"start":{"line":64,"column":17},"end":{"line":64,"column":20}},"31":{"start":{"line":65,"column":21},"end":{"line":65,"column":null}},"32":{"start":{"line":66,"column":8},"end":{"line":66,"column":null}},"33":{"start":{"line":67,"column":8},"end":{"line":67,"column":null}},"34":{"start":{"line":69,"column":4},"end":{"line":69,"column":null}},"35":{"start":{"line":87,"column":20},"end":{"line":87,"column":69}},"36":{"start":{"line":88,"column":18},"end":{"line":88,"column":null}},"37":{"start":{"line":89,"column":19},"end":{"line":89,"column":null}},"38":{"start":{"line":90,"column":21},"end":{"line":90,"column":null}},"39":{"start":{"line":92,"column":15},"end":{"line":92,"column":null}},"40":{"start":{"line":95,"column":21},"end":{"line":95,"column":null}},"41":{"start":{"line":95,"column":42},"end":{"line":95,"column":null}},"42":{"start":{"line":96,"column":4},"end":{"line":114,"column":null}},"43":{"start":{"line":97,"column":8},"end":{"line":97,"column":null}},"44":{"start":{"line":98,"column":8},"end":{"line":98,"column":null}},"45":{"start":{"line":99,"column":8},"end":{"line":101,"column":null}},"46":{"start":{"line":100,"column":12},"end":{"line":100,"column":null}},"47":{"start":{"line":103,"column":8},"end":{"line":113,"column":null}},"48":{"start":{"line":117,"column":4},"end":{"line":119,"column":null}},"49":{"start":{"line":118,"column":8},"end":{"line":118,"column":null}},"50":{"start":{"line":121,"column":4},"end":{"line":121,"column":null}},"51":{"start":{"line":128,"column":4},"end":{"line":132,"column":null}},"52":{"start":{"line":139,"column":4},"end":{"line":143,"column":null}},"53":{"start":{"line":150,"column":4},"end":{"line":150,"column":null}},"54":{"start":{"line":151,"column":4},"end":{"line":151,"column":null}},"55":{"start":{"line":151,"column":42},"end":{"line":151,"column":67}},"56":{"start":{"line":163,"column":4},"end":{"line":163,"column":null}},"57":{"start":{"line":164,"column":16},"end":{"line":164,"column":null}},"58":{"start":{"line":165,"column":16},"end":{"line":165,"column":null}},"59":{"start":{"line":167,"column":4},"end":{"line":175,"column":null}},"60":{"start":{"line":169,"column":41},"end":{"line":169,"column":68}},"61":{"start":{"line":170,"
[...]
4,"column":null}},"41":{"start":{"line":106,"column":22},"end":{"line":109,"column":null}},"42":{"start":{"line":112,"column":4},"end":{"line":112,"column":null}},"43":{"start":{"line":120,"column":4},"end":{"line":120,"column":null}},"44":{"start":{"line":120,"column":39},"end":{"line":120,"column":null}},"45":{"start":{"line":121,"column":4},"end":{"line":121,"column":null}},"46":{"start":{"line":125,"column":4},"end":{"line":125,"column":null}},"47":{"start":{"line":125,"column":14},"end":{"line":125,"column":null}},"48":{"start":{"line":126,"column":17},"end":{"line":126,"column":null}},"49":{"start":{"line":127,"column":4},"end":{"line":129,"column":null}},"50":{"start":{"line":127,"column":17},"end":{"line":127,"column":20}},"51":{"start":{"line":128,"column":8},"end":{"line":128,"column":null}},"52":{"start":{"line":130,"column":4},"end":{"line":130,"column":null}},"53":{"start":{"line":134,"column":4},"end":{"line":141,"column":null}},"54":{"start":{"line":135,"column":20},"end":{"line":135,"column":null}},"55":{"start":{"line":136,"column":8},"end":{"line":136,"column":null}},"56":{"start":{"line":136,"column":18},"end":{"line":136,"column":null}},"57":{"start":{"line":137,"column":24},"end":{"line":137,"column":null}},"58":{"start":{"line":138,"column":8},"end":{"line":138,"column":null}},"59":{"start":{"line":140,"column":8},"end":{"line":140,"column":null}},"60":{"start":{"line":150,"column":4},"end":{"line":163,"column":null}},"61":{"start":{"line":151,"column":8},"end":{"line":151,"column":null}},"62":{"start":{"line":151,"column":43},"end":{"line":151,"column":null}},"63":{"start":{"line":152,"column":18},"end":{"line":152,"column":null}},"64":{"start":{"line":153,"column":8},"end":{"line":158,"column":null}},"65":{"start":{"line":154,"column":26},"end":{"line":154,"column":null}},"66":{"start":{"line":155,"column":12},"end":{"line":155,"column":null}},"67":{"start":{"line":156,"column":12},"end":{"line":156,"column":null}},"68":{"start":{"line":156,"column":41},"end":{"line":156,"column":74}},"69":{"start":{"line":157,"column":12},"end":{"line":157,"column":null}},"70":{"start":{"line":159,"column":26},"end":{"line":159,"column":null}},"71":{"start":{"line":160,"column":8},"end":{"line":160,"column":null}},"72":{"start":{"line":162,"column":8},"end":{"line":162,"column":null}},"73":{"start":{"line":167,"column":4},"end":{"line":175,"column":null}},"74":{"start":{"line":168,"column":8},"end":{"line":168,"column":null}},"75":{"start":{"line":168,"column":43},"end":{"line":168,"column":null}},"76":{"start":{"line":169,"column":20},"end":{"line":169,"column":null}},"77":{"start":{"line":170,"column":8},"end":{"line":170,"column":null}},"78":{"start":{"line":170,"column":18},"end":{"line":170,"column":null}},"79":{"start":{"line":171,"column":24},"end":{"line":171,"column":null}},"80":{"start":{"line":172,"column":8},"end":{"line":172,"column":null}},"81":{"start":{"line":174,"column":8},"end":{"line":174,"column":null}},"82":{"start":{"line":183,"column":23},"end":{"line":196,"column":null}},"83":{"start":{"line":203,"column":4},"end":{"line":203,"column":null}},"84":{"start":{"line":203,"column":39},"end":{"line":203,"column":null}},"85":{"start":{"line":205,"column":4},"end":{"line":228,"column":null}},"86":{"start":{"line":206,"column":8},"end":{"line":225,"column":null}},"87":{"start":{"line":207,"column":12},"end":{"line":222,"column":null}},"88":{"start":{"line":209,"column":16},"end":{"line":218,"column":null}},"89":{"start":{"line":211,"column":24},"end":{"line":211,"column":null}},"90":{"start":{"line":212,"column":24},"end":{"line":212,"column":null}},"91":{"start":{"line":216,"column":24},"end":{"line":216,"column":null}},"92":{"start":{"line":217,"column":24},"end":{"line":217,"column":null}},"93":{"start":{"line":220,"column":16},"end":{"line":220,"column":null}},"94":{"start":{"line":221,"column":16},"end":{"line":221,"column":null}},"95":{"start":{"line":224,"column":12},"end":{"line":224,"column":null}},"96":{"start":{"line":227,"column":8},"end":{"line":227,"column":null}},"97":{"start":{"line":236,"column":4},"end":{"line":236,"column":null}},"98":{"start":{"line":236,"column":39},"end":{"line":236,"column":null}},"99":{"start":{"line":238,"column":4},"end":{"line":280,"column":null}},"100":{"start":{"line":239,"column":22},"end":{"line":239,"column":null}},"101":{"start":{"line":240,"column":8},"end":{"line":240,"column":null}},"102":{"start":{"line":240,"column":20},"end":{"line":240,"column":null}},"103":{"start":{"line":242,"column":24},"end":{"line":242,"column":null}},"104":{"start":{"line":244,"column":8},"end":{"line":274,"column":null}},"105":{"start":{"line":245,"column":12},"end":{"line":273,"column":null}},"106":{"start":{"line":249,"column":16},"end":{"line":269,"column":null}},"107":{"start":{"line":251,"column":40},"end":{"line":251,"column":null}},"108":{"start":{"line":252,"column":20},"end":{"line":252,"column":null}},"109":{"start":{"line":252,"column":37},"end":{"line":252,"column":null}},"110":{"start":{"line":255,"column":20},"end":{"line":261,"column":null}},"111":{"start":{"line":256,"column":24},"end":{"line":260,"column":null}},"112":{"start":{"line":258,"column":32},"end":{"line":258,"column":null}},"113":{"start":{"line":264,"column":35},"end":{"line":264,"column":null}},"114":{"start":{"line":265,"column":20},"end":{"line":265,"column":null}},"115":{"start":{"line":265,"column":52},"end":{"line":265,"column":null}},"116":{"start":{"line":266,"column":20},"end":{"line":266,"column":null}},"117":{"start":{"line":268,"column":20},"end":{"line":268,"column":null}},"118":{"start":{"line":270,"column":19},"end":{"line":273,"column":null}},"119":{"start":{"line":272,"column":16},"end":{"line":272,"column":null}},"120":{"start":{"line":276,"column":8},"end":{"line":276,"column":null}},"121":{"start":{"line":278,"column":8},"end":{"line":278,"column":null}},"122":{"start":{"line":279,"column":8},"end":{"line":279,"column":null}},"123":{"start":{"line":287,"column":4},"end":{"line":287,"column":null}},"124":{"start":{"line":287,"column":39},"end":{"line":287,"column":null}},"125":{"start":{"line":288,"column":4},"end":{"line":288,"column":null}},"126":{"start":{"line":289,"column":4},"end":{"line":289,"column":null}},"127":{"start":{"line":290,"column":4},"end":{"line":290,"column":null}},"128":{"start":{"line":297,"column":4},"end":{"line":297,"column":null}},"129":{"start":{"line":304,"column":16},"end":{"line":304,"column":null}},"130":{"start":{"line":305,"column":4},"end":{"line":305,"column":null}},"131":{"start":{"line":305,"column":14},"end":{"line":305,"column":null}},"132":{"start":{"line":306,"column":4},"end":{"line":310,"column":null}},"133":{"start":{"line":307,"column":8},"end":{"line":307,"column":null}},"134":{"start":{"line":309,"column":8},"end":{"line":309,"column":null}},"135":{"start":{"line":317,"column":4},"end":{"line":317,"column":null}},"136":{"start":{"line":317,"column":39},"end":{"line":317,"column":null}},"137":{"start":{"line":319,"column":4},"end":{"line":323,"column":null}},"138":{"start":{"line":320,"column":8},"end":{"line":320,"column":null}},"139":{"start":{"line":321,"column":8},"end":{"line":321,"column":null}},"140":{"start":{"line":322,"column":8},"end":{"line":322,"column":null}},"141":{"start":{"line":325,"column":4},"end":{"line":325,"column":null}},"142":{"start":{"line":332,"column":42},"end":{"line":332,"column":null}},"143":{"start":{"line":334,"column":4},"end":{"line":343,"column":null}},"144":{"start":{"line":335,"column":20},"end":{"line":335,"column":null}},"145":{"start":{"line":336,"column":8},"end":{"line":342,"column":null}},"146":{"start":{"line":337,"column":12},"end":{"line":341,"column":null}},"147":{"start":{"line":338,"column":16},"end":{"line":338,"column":null}},"148":{"start":{"line":340,"column":16},"end":{"line":340,"column":null}},"149":{"start":{"line":345,"column":4},"end":{"line":345,"column":null}},"150":{"start":{"line":348,"column":15},"end":{"line":356,"column":2}}},"fnMap":{"0":{"name":"isAESAvailable","decl":{"start":{"line":17,"column":9},"end":{"line":17,"column":null}},"loc":{"start":{"line":17,"column":9},"end":{"line":23,"column":null}}},"1":{"name":"getAESKey","decl":{"start":{"line":33,"column":15},"end":{"line":33,"column":null}},"loc":{"start":{"line":33,"column":15},"end":{"line":69,"column":null}}},"2":{"name":"(anonymous_11)","decl":{"start":{"line":45,"column":59},"end":{"line":45,"column":64}},"loc":{"start":{"line":45,"column":64},"end":{"line":45,"column":null}}},"3":{"name":"encryptAES","decl":{"start":{"line":75,"column":15},"end":{"line":75,"column":26}},"loc":{"start":{"line":75,"column":38},"end":{"line":92,"column":null}}},"4":{"name":"decryptAES","decl":{"start":{"line":98,"column":15},"end":{"line":98,"column":26}},"loc":{"start":{"line":98,"column":38},"end":{"line":113,"column":null}}},"5":{"name":"(anonymous_14)","decl":{"start":{"line":100,"column":49},"end":{"line":100,"column":54}},"loc":{"start":{"line":100,"column":54},"end":{"line":100,"column":null}}},"6":{"name":"getLegacyKey","decl":{"start":{"line":119,"column":9},"end":{"line":119,"column":null}},"loc":{"start":{"line":119,"column":9},"end":{"line":122,"column":null}}},"7":{"name":"xorCipher","decl":{"start":{"line":124,"column":9},"end":{"line":124,"column":19}},"loc":{"start":{"line":124,"column":44},"end":{"line":131,"column":null}}},"8":{"name":"decryptLegacy","decl":{"start":{"line":133,"column":9},"end":{"line":133,"column":23}},"loc":{"start":{"line":133,"column":35},"end":{"line":142,"column":null}}},"9":{"name":"encryptSync","decl":{"start":{"line":149,"column":9},"end":{"line":149,"column":21}},"loc":{"start":{"line":149,"column":33},"end":{"line":164,"column":null}}},"10":{"name":"(anonymous_19)","decl":{"start":{"line":156,"column":36},"end":{"line":156,"column":41}},"loc":{"start":{"line":156,"column":41},"end":{"line":156,"column":74}}},"11":{"name":"decryptSync","decl":{"start":{"line":166,"column":9},"end":{"line":166,"column":21}},"loc":{"start":{"line":166,"column":33},"end":{"line":176,"column":null}}},"12":{"name":"secureSet","decl":{"start":{"line":202,"column":16},"end":{"line":202,"column":25}},"loc":{"start":{"line":202,"column":52},"end":{"line":229,"column":null}}},"13":{"name":"(anonymous_22)","decl":{"start":{"line":210,"column":26},"end":{"line":210,"column":null}},"loc":{"start":{"line":210,"column":26},"end":{"line":213,"column":null}}},"14":{"name":"(anonymous_23)","decl":{"start":{"line":214,"column":27},"end":{"line":214,"column":null}},"loc":{"start":{"line":214,"column":27},"end":{"line":218,"column":null}}},"15":{"name":"secureGet","decl":{"start":{"line":235,"column":16},"end":{"line":235,"column":25}},"loc":{"start":{"line":235,"column":37},"end":{"line":281,"column":null}}},"16":{"name":"(anonymous_25)","decl":{"start":{"line":257,"column":34},"end":{"line":257,"column":null}},"loc":{"start":{"line":257,"column":34},"end":{"line":259,"column":null}}},"17":{"name":"(anonymous_26)","decl":{"start":{"line":260,"column":35},"end":{"line":260,"column":63}},"loc":{"start":{"line":260,"column":35},"end":{"line":260,"column":null}}},"18":{"name":"secureRemove","decl":{"start":{"line":286,"column":16},"end":{"line":286,"column":28}},"loc":{"start":{"line":286,"column":40},"end":{"line":291,"column":null}}},"19":{"name":"secureSetJSON","decl":{"start":{"line":296,"column":16},"end":{"line":296,"column":29}},"loc":{"start":{"line":296,"column":53},"end":{"line":298,"column":null}}},"20":{"name":"secureGetJSON","decl":{"start":{"line":303,"column":16},"end":{"line":303,"column":29}},"loc":{"start":{"line":303,"column":57},"end":{"line":311,"column":null}}},"21":{"name":"clearAllHealthData","decl":{"start":{"line":316,"column":16},"end":{"line":316,"column":34}},"loc":{"start":{"line":316,"column":16},"end":{"line":326,"column":null}}},"22":{"name":"exportAllHealthData","decl":{"start":{"line":331,"column":16},"end":{"line":331,"column":35}},"loc":{"start":{"line":331,"column":16},"end":{"line":346,"column":null}}}},"branchMap":{"0":{"loc":{"start":{"line":19,"column":8},"end":{"line":21,"column":null}},"type":"binary-expr","locations":[{"start":{"line":19,"column":8},"end":{"line":19,"column":null}},{"start":{"line":20,"column":8},"end":{"line":20,"column":null}},{"start":{"line":21,"column":8},"end":{"line":21,"column":null}}]},"1":{"loc":{"start":{"line":34,"column":4},"end":{"line":34,"column":null}},"type":"if","locations":[{"start":{"line":34,"column":4},"end":{"line":34,"column":null}},{"start":{},"end":{}}]},"2":{"loc":{"start":{"line":36,"column":4},"end":{"line":38,"column":null}},"type":"if","locations":[{"start":{"line":36,"column":4},"end":{"line":38,"column":null}},{"start":{},"end":{}}]},"3":{"loc":{"start":{"line":43,"column":4},"end":{"line":54,"column":null}},"type":"if","locations":[{"start":{"line":43,"column":4},"end":{"line":54,"column":null}},{"start":{},"end":{}}]},"4":{"loc":{"start":{"line":120,"column":4},"end":{"line":120,"column":null}},"type":"if","locations":[{"start":{"line":120,"column":4},"end":{"line":120,"column":null}},{"start":{},"end":{}}]},"5":{"loc":{"start":{"line":121,"column":11},"end":{"line":121,"column":null}},"type":"binary-expr","locations":[{"start":{"line":121,"column":11},"end":{"line":121,"column":54}},{"start":{"line":121,"column":54},"end":{"line":121,"column":null}}]},"6":{"loc":{"start":{"line":125,"column":4},"end":{"line":125,"column":null}},"type":"if","locations":[{"start":{"line":125,"column":4},"end":{"line":125,"column":null}},{"start":{},"end":{}}]},"7":{"loc":{"start":{"line":136,"column":8},"end":{"line":136,"column":null}},"type":"if","locations":[{"start":{"line":136,"column":8},"end":{"line":136,"column":null}},{"start":{},"end":{}}]},"8":{"loc":{"start":{"line":151,"column":8},"end":{"line":151,"column":null}},"type":"if","locations":[{"start":{"line":151,"column":8},"end":{"line":151,"column":null}},{"start":{},"end":{}}]},"9":{"loc":{"start":{"line":153,"column":8},"end":{"line":158,"column":null}},"type":"if","locations":[{"start":{"line":153,"column":8},"end":{"line":158,"column":null}},{"start":{},"end":{}}]},"10":{"loc":{"start":{"line":168,"column":8},"end":{"line":168,"column":null}},"type":"if","locations":[{"start":{"line":168,"column":8},"end":{"line":168,"column":null}},{"start":{},"end":{}}]},"11":{"loc":{"start":{"line":169,"column":20},"end":{"line":169,"column":null}},"type":"binary-expr","locations":[{"start":{"line":169,"column":20},"end":{"line":169,"column":61}},{"start":{"line":169,"column":61},"end":{"line":169,"column":null}}]},"12":{"loc":{"start":{"line":170,"column":8},"end":{"line":170,"column":null}},"type":"if","locations":[{"start":{"line":170,"column":8},"end":{"line":170,"column":null}},{"start":{},"end":{}}]},"13":{"loc":{"start":{"line":203,"column":4},"end":{"line":203,"column":null}},"type":"if","locations":[{"start":{"line":203,"column":4},"end":{"line":203,"column":null}},{"start":{},"end":{}}]},"14":{"loc":{"start":{"line":206,"column":8},"end":{"line":225,"column":null}},"type":"if","locations":[{"start":{"line":206,"column":8},"end":{"line":225,"column":null}},{"start":{"line":223,"column":15},"end":{"line":225,"column":null}}]},"15":{"loc":{"start":{"line":207,"column":12},"end":{"line":222,"column":null}},"type":"if","locations":[{"start":{"line":207,"column":12},"end":{"line":222,"column":null}},{"start":{"line":219,"column":19},"end":{"line":222,"column":null}}]},"16":{"loc":{"start":{"line":236,"column":4},"end":{"line":236,"column":null}},"type":"if","locations":[{"start":{"line":236,"column":4},"end":{"line":236,"column":null}},{"start":{},"end":{}}]},"17":{"loc":{"start":{"line":240,"column":8},"end":{"line":240,"column":null}},"type":"if","locations":[{"start":{"line":240,"column":8},"end":{"line":240,"column":null}},{"start":{},"end":{}}]},"18":{"loc":{"start":{"line":244,"column":8},"end":{"line":274,"column":null}},"type":"if","locations":[{"start":{"line":244,"column":8},"end":{"line":274,"column":null}},{"start":{},"end":{}}]},"19":{"loc":{"start":{"line":244,"column":12},"end":{"line":244,"column":48}},"type":"binary-expr","locations":[{"start":{"line":244,"column":12},"end":{"line":244,"column":39}},{"start":{"line":244,"column":39},"end":{"line":244,"column":48}}]},"20":{"loc":{"start":{"line":245,"column":12},"end":{"line":273,"column":null}},"type":"if","locations":[{"start":{"line":245,"column":12},"end":{"line":273,"column":null}},{"start":{"line":270,"column":19},"end":{"line":273,"column":null}}]},"21":{"loc":{"start":{"line":252,"column":20},"end":{"line":252,"column":null}},"type":"if","locations":[{"start":{"line":252,"column":20},"end":{"line":252,"column":null}},{"start":{},"end":{}}]},"22":{"loc":{"start":{"line":255,"column":20},"end":{"line":261,"column":null}},"type":"if","locations":[{"start":{"line":255,"column":20},"end":{"line":261,"column":null}},{"start":{},"end":{}}]},"23":{"loc":{"start":{"line":265,"column":20},"end":{"line":265,"column":null}},"type":"if","locations":[{"start":{"line":265,"column":20},"end":{"line":265,"column":null}},{"start":{},"end":{}}]},"24":{"loc":{"start":{"line":265,"column":24},"end":{"line":265,"column":52}},"type":"binary-expr","locations":[{"start":{"line":265,"column":24},"end":{"line":265,"column":34}},{"start":{"line":265,"column":34},"end":{"line":265,"column":52}}]},"25":{"loc":{"start":{"line":270,"column":19},"end":{"line":273,"column":null}},"type":"if","locations":[{"start":{"line":270,"column":19},"end":{"line":273,"column":null}},{"start":{},"end":{}}]},"26":{"loc":{"start":{"line":287,"column":4},"end":{"line":287,"column":null}},"type":"if","locations":[{"start":{"line":287,"column":4},"end":{"line":287,"column":null}},{"start":{},"end":{}}]},"27":{"loc":{"start":{"line":305,"column":4},"end":{"line":305,"column":null}},"type":"if","locations":[{"start":{"line":305,"column":4},"end":{"line":305,"column":null}},{"start":{},"end":{}}]},"28":{"loc":{"start":{"line":317,"column":4},"end":{"line":317,"column":null}},"type":"if","locations":[{"start":{"line":317,"column":4},"end":{"line":317,"column":null}},{"start":{},"end":{}}]},"29":{"loc":{"start":{"line":336,"column":8},"end":{"line":342,"column":null}},"type":"if","locations":[{"start":{"line":336,"column":8},"end":{"line":342,"column":null}},{"start":{},"end":{}}]}},"s":{"0":0,"1":0,"2":0,"3":4,"4":2,"5":1,"6":5,"7":1,"8":1,"9":1,"10":1,"11":3,"12":1,"13":0,"14":0,"15":0,"16":0,"17":0,"18":0,"19":0,"20":0,"21":0,"22":0,"23":0,"24":0,"25":0,"26":0,"27":0,"28":0,"29":0,"30":0,"31":0,"32":0,"33":0,"34":0,"35":0,"36":0,"37":0,"38":0,"39":0,"40":0,"41":0,"42":0,"43":0,"44":0,"45":0,"46":4,"47":0,"48":4,"49":4,"50":4,"51":69,"52":4,"53":0,"54":0,"55":0,"56":0,"57":0,"58":0,"59":0,"60":3,"61":3,"62":0,"63":3,"64":3,"65":3,"66":3,"67":3,"68":96,"69":3,"70":3,"71":3,"72":0,"73":1,"74":1,"75":0,"76":1,"77":1,"78":0,"79":1,"80":1,"81":0,"82":1,"83":6,"84":0,"85":6,"86":6,"87":3,"88":0,"89":0,"90":0,"91":0,"92":0,"93":3,"94":3,"95":3,"96":0,"97":6,"98":0,"99":6,"100":6,"101":6,"102":3,"103":3,"104":3,"105":1,"106":0,"107":0,"108":0,"109":0,"110":0,"111":0,"112":0,"113":0,"114":0,"115":0,"116":0,"117":0,"118":1,"119":1,"120":2,"121":0,"122":0,"123":1,"124":0,"125":1,"126":1,"127":1,"128":1,"129":2,"130":2,"131":1,"132":1,"133":1,"134":0,"135":0,"136":0,"137":0,"138":0,"139":0,"140":0,"141":0,"142":0,"143":0,"144":0,"145":0,"146":0,"147":0,"148":0,"149":0,"150":1},"f":{"0":3,"1":0,"2":0,"3":0,"4":0,"5":0,"6":0,"7":4,"8":0,"9":3,"10":96,"11":1,"12":6,"13":0,"14":0,"15":6,"16":0,"17":0,"18":1,"19":1,"20":2,"21":0,"22":0},"b":{"0":[3,3,3],"1":[0,0],"2":[0,0],"3":[0,0],"4":[0,0],"5":[0,0],"6":[0,4],"7":[0,0],"8":[0,3],"9":[3,0],"10":[0,1],"11":[1,0],"12":[0,1],"13":[0,6],"14":[3,3],"15":[0,3],"16":[0,6],"17":[3,3],"18":[1,2],"19":[3,1],"20":[0,1],"21":[0,0],"22":[0,0],"23":[0,0],"24":[0,0],"25":[1,0],"26":[0,1],"27":[1,1],"28":[0,0],"29":[0,0]}}
}
