TN:
SF:utils.ts
FN:10,createPageUrl
FN:34,formatArabicNumber
FN:38,(anonymous_8)
FN:50,formatArabicDate
FN:65,formatCurrency
FN:75,truncateText
FNF:6
FNH:1
FNDA:3,createPageUrl
FNDA:0,formatArabicNumber
FNDA:0,(anonymous_8)
FNDA:0,formatArabicDate
FNDA:0,formatCurrency
FNDA:0,truncateText
DA:10,3
DA:12,3
DA:13,0
DA:17,3
DA:20,3
DA:26,3
DA:34,0
DA:35,0
DA:36,0
DA:39,0
DA:40,0
DA:50,0
DA:51,0
DA:52,0
DA:65,0
DA:66,0
DA:75,0
DA:76,0
DA:77,0
LF:19
LH:5
BRDA:12,0,0,0
BRDA:12,0,1,3
BRDA:26,1,0,0
BRDA:26,1,1,3
BRDA:40,2,0,0
BRDA:40,2,1,0
BRDA:51,3,0,0
BRDA:51,3,1,0
BRDA:76,4,0,0
BRDA:76,4,1,0
BRF:10
BRH:2
end_of_record
TN:
SF:components\admin\ActivityLog.tsx
FN:28,getTimeAgo
FN:44,LiveDot
FN:59,ActivityLog
FN:61,(anonymous_8)
FN:65,(anonymous_9)
FN:77,(anonymous_10)
FN:90,(anonymous_11)
FN:102,(anonymous_12)
FN:114,(anonymous_13)
FN:133,(anonymous_14)
FN:157,(anonymous_15)
FN:167,(anonymous_16)
FN:181,(anonymous_17)
FNF:13
FNH:11
FNDA:20,getTimeAgo
FNDA:5,LiveDot
FNDA:5,ActivityLog
FNDA:5,(anonymous_8)
FNDA:8,(anonymous_9)
FNDA:4,(anonymous_10)
FNDA:4,(anonymous_11)
FNDA:4,(anonymous_12)
FNDA:36,(anonymous_13)
FNDA:0,(anonymous_14)
FNDA:20,(anonymous_15)
FNDA:0,(anonymous_16)
FNDA:20,(anonymous_17)
DA:4,1
DA:5,1
DA:29,20
DA:30,20
DA:31,20
DA:32,20
DA:33,20
DA:34,20
DA:35,20
DA:37,20
DA:38,0
DA:39,0
DA:40,0
DA:41,0
DA:59,5
DA:61,5
DA:62,5
DA:65,5
DA:66,8
DA:77,5
DA:78,4
DA:79,4
DA:90,5
DA:91,4
DA:102,5
DA:103,4
DA:114,5
DA:115,36
DA:116,36
DA:117,36
DA:118,36
DA:121,5
DA:124,5
DA:131,5
DA:133,5
DA:158,20
DA:159,20
DA:167,0
DA:182,20
DA:183,20
LF:40
LH:35
BRDA:29,0,0,0
BRDA:29,0,1,20
BRDA:37,1,0,20
BRDA:37,1,1,0
BRDA:38,2,0,0
BRDA:38,2,1,0
BRDA:39,3,0,0
BRDA:39,3,1,0
BRDA:40,4,0,0
BRDA:40,4,1,0
BRDA:68,5,0,8
BRDA:68,5,1,0
BRDA:68,5,2,0
BRDA:69,6,0,8
BRDA:69,6,1,0
BRDA:69,6,2,0
BRDA:78,7,0,0
BRDA:78,7,1,4
BRDA:78,8,0,4
BRDA:78,8,1,0
BRDA:81,9,0,4
BRDA:81,9,1,0
BRDA:81,9,2,0
BRDA:82,10,0,4
BRDA:82,10,1,0
BRDA:82,10,2,0
BRDA:93,11,0,4
BRDA:93,11,1,0
BRDA:93,11,2,0
BRDA:94,12,0,4
BRDA:94,12,1,0
BRDA:94,12,2,0
BRDA:105,13,0,4
BRDA:105,13,1,0
BRDA:106,14,0,4
BRDA:106,14,1,0
BRDA:106,14,2,0
BRDA:115,15,0,0
BRDA:115,15,1,36
BRDA:115,16,0,36
BRDA:115,16,1,0
BRDA:116,17,0,0
BRDA:116,17,1,36
BRDA:117,18,0,0
BRDA:117,18,1,36
BRDA:133,19,0,5
BRDA:133,19,1,0
BRDA:162,20,0,5
BRDA:162,20,1,15
BRDA:181,21,0,4
BRF:50
BRH:20
end_of_record
TN:
SF:components\admin\AdminStats.tsx
FN:16,AnimatedCounter
FN:26,(anonymous_6)
FN:31,(anonymous_7)
FN:40,(anonymous_8)
FN:54,Sparkline
FN:67,(anonymous_10)
FN:95,(anonymous_11)
FN:114,LivePulse
FN:144,StatCard
FN:223,ActivityFeedItem
FN:253,QuickAction
FN:291,AdminStats
FN:294,(anonymous_17)
FN:369,(anonymous_18)
FN:394,(anonymous_19)
FNF:15
FNH:13
FNDA:48,AnimatedCounter
FNDA:24,(anonymous_6)
FNDA:0,(anonymous_7)
FNDA:24,(anonymous_8)
FNDA:48,Sparkline
FNDA:576,(anonymous_10)
FNDA:48,(anonymous_11)
FNDA:36,LivePulse
FNDA:48,StatCard
FNDA:60,ActivityFeedItem
FNDA:0,QuickAction
FNDA:12,AdminStats
FNDA:6,(anonymous_17)
FNDA:48,(anonymous_18)
FNDA:60,(anonymous_19)
DA:4,1
DA:5,1
DA:22,48
DA:23,48
DA:24,48
DA:26,48
DA:27,24
DA:28,24
DA:30,24
DA:31,24
DA:32,0
DA:33,0
DA:35,0
DA:36,0
DA:37,0
DA:40,24
DA:60,48
DA:61,48
DA:62,48
DA:63,48
DA:64,48
DA:65,48
DA:67,48
DA:68,576
DA:69,576
DA:70,576
DA:73,48
DA:75,48
DA:96,48
DA:97,48
DA:98,48
DA:145,48
DA:146,48
DA:224,60
DA:291,6
DA:292,12
DA:294,12
DA:295,6
DA:296,6
DA:300,12
DA:301,12
DA:303,12
DA:340,12
DA:370,48
DA:395,60
LF:45
LH:40
BRDA:16,0,0,48
BRDA:16,1,0,48
BRDA:16,2,0,48
BRDA:27,3,0,0
BRDA:27,3,1,24
BRDA:37,4,0,0
BRDA:37,4,1,0
BRDA:54,5,0,48
BRDA:54,6,0,48
BRDA:62,7,0,48
BRDA:62,7,1,0
BRDA:95,8,0,48
BRDA:95,8,1,48
BRDA:171,9,0,48
BRDA:171,9,1,0
BRDA:179,10,0,48
BRDA:180,11,0,48
BRDA:180,11,1,0
BRDA:189,12,0,48
BRDA:197,13,0,48
BRDA:306,14,0,12
BRDA:306,14,1,2
BRDA:310,15,0,12
BRDA:310,15,1,2
BRDA:315,16,0,12
BRDA:315,16,1,2
BRDA:320,17,0,12
BRDA:320,17,1,2
BRDA:324,18,0,12
BRDA:324,18,1,2
BRDA:328,19,0,12
BRDA:328,19,1,2
BRDA:332,20,0,12
BRDA:332,20,1,2
BRDA:336,21,0,12
BRDA:336,21,1,2
BRDA:431,22,0,12
BRDA:431,22,1,2
BRDA:431,23,0,12
BRDA:431,23,1,2
BRF:40
BRH:34
end_of_record
TN:
SF:components\common\BottomSheet.tsx
FN:18,BottomSheet
FN:30,(anonymous_6)
FNF:2
FNH:1
FNDA:4,BottomSheet
FNDA:0,(anonymous_6)
DA:4,1
DA:5,1
DA:7,1
DA:18,4
DA:26,4
DA:27,4
DA:28,4
DA:30,4
DA:31,0
DA:32,0
DA:35,0
DA:36,0
DA:37,0
DA:38,0
DA:42,0
DA:43,0
DA:44,0
DA:45,0
DA:47,0
DA:51,0
DA:52,0
DA:53,0
DA:54,0
DA:56,0
DA:57,0
DA:59,0
DA:60,0
DA:61,0
DA:62,0
DA:67,4
LF:30
LH:9
BRDA:23,0,0,4
BRDA:24,1,0,4
BRDA:35,2,0,0
BRDA:35,2,1,0
BRDA:35,3,0,0
BRDA:35,3,1,0
BRDA:42,4,0,0
BRDA:42,4,1,0
BRDA:43,5,0,0
BRDA:43,5,1,0
BRDA:51,6,0,0
BRDA:51,6,1,0
BRDA:52,7,0,0
BRDA:52,7,1,0
BRDA:59,8,0,0
BRDA:59,8,1,0
BRDA:60,9,0,0
BRDA:60,9,1,0
BRDA:67,10,0,4
BRDA:67,10,1,0
BRDA:71,11,0,4
BRDA:102,12,0,3
BRF:22
BRH:5
end_of_record
TN:
SF:contexts\LanguageContext.tsx
FN:41,(anonymous_9)
FN:42,(anonymous_10)
FN:47,LanguageProvider
FN:51,(anonymous_12)
FN:60,(anonymous_13)
FN:70,(anonymous_14)
FN:84,useLanguage
FNF:7
FNH:0
FNDA:0,(anonymous_9)
FNDA:0,(anonymous_10)
FNDA:0,LanguageProvider
FNDA:0,(anonymous_12)
FNDA:0,(anonymous_13)
FNDA:0,(anonymous_14)
FNDA:0,useLanguage
DA:5,1
DA:8,1
DA:9,1
DA:22,533
DA:39,1
DA:42,0
DA:47,0
DA:48,0
DA:51,0
DA:52,0
DA:53,0
DA:54,0
DA:55,0
DA:60,0
DA:61,0
DA:62,0
DA:63,0
DA:65,0
DA:66,0
DA:70,0
DA:71,0
DA:74,0
DA:75,0
DA:84,0
DA:85,0
DA:86,0
DA:87,0
DA:89,0
DA:92,1
LF:29
LH:6
BRDA:52,0,0,0
BRDA:52,0,1,0
BRDA:54,1,0,0
BRDA:54,1,1,0
BRDA:54,2,0,0
BRDA:54,2,1,0
BRDA:54,2,2,0
BRDA:62,3,0,0
BRDA:62,3,1,0
BRDA:65,4,0,0
BRDA:65,4,1,0
BRDA:71,5,0,0
BRDA:71,5,1,0
BRDA:71,5,2,0
BRDA:74,6,0,0
BRDA:74,6,1,0
BRDA:86,7,0,0
BRDA:86,7,1,0
BRF:18
BRH:0
end_of_record
TN:
SF:hooks\usePullToRefresh.ts
FN:12,usePullToRefresh
FN:20,(anonymous_2)
FN:27,(anonymous_3)
FN:36,(anonymous_4)
FN:50,(anonymous_5)
FN:56,(anonymous_6)
FNF:6
FNH:2
FNDA:4,usePullToRefresh
FNDA:0,(anonymous_2)
FNDA:0,(anonymous_3)
FNDA:0,(anonymous_4)
FNDA:4,(anonymous_5)
FNDA:0,(anonymous_6)
DA:4,1
DA:12,4
DA:13,4
DA:14,4
DA:15,4
DA:16,4
DA:17,4
DA:18,4
DA:20,4
DA:21,0
DA:22,0
DA:23,0
DA:24,0
DA:27,4
DA:28,0
DA:29,0
DA:30,0
DA:32,0
DA:33,0
DA:36,4
DA:37,0
DA:38,0
DA:39,0
DA:40,0
DA:41,0
DA:43,0
DA:46,0
DA:47,0
DA:50,4
DA:51,4
DA:52,4
DA:53,0
DA:54,0
DA:55,0
DA:56,0
DA:57,0
DA:58,0
DA:59,0
DA:63,4
DA:65,4
LF:40
LH:16
BRDA:12,0,0,3
BRDA:12,1,0,3
BRDA:22,2,0,0
BRDA:22,2,1,0
BRDA:22,3,0,0
BRDA:22,3,1,0
BRDA:28,4,0,0
BRDA:28,4,1,0
BRDA:28,5,0,0
BRDA:28,5,1,0
BRDA:37,6,0,0
BRDA:37,6,1,0
BRDA:38,7,0,0
BRDA:38,7,1,0
BRDA:38,8,0,0
BRDA:38,8,1,0
BRDA:52,9,0,4
BRDA:52,9,1,0
BRF:18
BRH:3
end_of_record
TN:
SF:lib\HapticFeedback.ts
FN:32,(anonymous_4)
FN:37,(anonymous_5)
FN:53,(anonymous_6)
FN:68,(anonymous_7)
FN:75,(anonymous_8)
FN:85,(anonymous_9)
FN:92,(anonymous_10)
FN:105,(anonymous_11)
FN:146,(anonymous_12)
FN:147,(anonymous_13)
FN:148,(anonymous_14)
FN:149,(anonymous_15)
FN:150,(anonymous_16)
FN:151,(anonymous_17)
FN:156,(anonymous_18)
FN:181,(anonymous_19)
FN:192,useHaptic
FNF:17
FNH:6
FNDA:1,(anonymous_4)
FNDA:1,(anonymous_5)
FNDA:1,(anonymous_6)
FNDA:4,(anonymous_7)
FNDA:0,(anonymous_8)
FNDA:4,(anonymous_9)
FNDA:0,(anonymous_10)
FNDA:0,(anonymous_11)
FNDA:0,(anonymous_12)
FNDA:0,(anonymous_13)
FNDA:0,(anonymous_14)
FNDA:0,(anonymous_15)
FNDA:0,(anonymous_16)
FNDA:0,(anonymous_17)
FNDA:0,(anonymous_18)
FNDA:0,(anonymous_19)
FNDA:4,useHaptic
DA:7,1
DA:8,1
DA:17,1
DA:28,1
DA:29,1
DA:30,1
DA:33,1
DA:34,1
DA:38,1
DA:39,0
DA:40,0
DA:43,1
DA:45,1
DA:46,0
DA:49,1
DA:54,1
DA:55,1
DA:56,1
DA:57,1
DA:58,0
DA:61,0
DA:69,4
DA:76,0
DA:77,0
DA:78,0
DA:86,4
DA:93,0
DA:94,0
DA:95,0
DA:96,0
DA:98,0
DA:106,0
DA:108,0
DA:109,0
DA:110,0
DA:112,0
DA:113,0
DA:115,0
DA:116,0
DA:118,0
DA:119,0
DA:121,0
DA:122,0
DA:124,0
DA:125,0
DA:127,0
DA:128,0
DA:130,0
DA:131,0
DA:132,0
DA:133,0
DA:135,0
DA:137,0
DA:138,0
DA:141,0
DA:146,0
DA:147,0
DA:148,0
DA:149,0
DA:150,0
DA:151,0
DA:157,0
DA:159,0
DA:161,0
DA:162,0
DA:163,0
DA:165,0
DA:167,0
DA:168,0
DA:169,0
DA:170,0
DA:172,0
DA:175,0
DA:182,0
DA:183,0
DA:189,1
DA:192,4
DA:193,4
DA:207,1
LF:79
LH:22
BRDA:38,0,0,0
BRDA:38,0,1,1
BRDA:45,1,0,0
BRDA:45,1,1,1
BRDA:54,2,0,0
BRDA:54,2,1,1
BRDA:57,3,0,0
BRDA:57,3,1,1
BRDA:69,4,0,4
BRDA:69,4,1,0
BRDA:77,5,0,0
BRDA:77,5,1,0
BRDA:93,6,0,0
BRDA:93,6,1,0
BRDA:93,7,0,0
BRDA:93,7,1,0
BRDA:93,7,2,0
BRDA:105,8,0,0
BRDA:106,9,0,0
BRDA:106,9,1,0
BRDA:106,10,0,0
BRDA:106,10,1,0
BRDA:108,11,0,0
BRDA:108,11,1,0
BRDA:110,12,0,0
BRDA:110,12,1,0
BRDA:110,12,2,0
BRDA:110,12,3,0
BRDA:110,12,4,0
BRDA:110,12,5,0
BRDA:110,12,6,0
BRDA:157,13,0,0
BRDA:157,13,1,0
BRDA:157,14,0,0
BRDA:157,14,1,0
BRDA:159,15,0,0
BRDA:159,15,1,0
BRDA:162,16,0,0
BRDA:162,16,1,0
BRDA:167,17,0,0
BRDA:167,17,1,0
BRDA:182,18,0,0
BRDA:182,18,1,0
BRDA:182,19,0,0
BRDA:182,19,1,0
BRF:45
BRH:5
end_of_record
TN:
SF:lib\apiMiddleware.ts
FN:20,(anonymous_10)
FN:29,getClientIp
FN:43,checkRateLimit
FN:72,validateRequired
FN:76,(anonymous_14)
FN:80,sanitizeString
FN:90,methodNotAllowed
FN:95,rateLimited
FN:103,badRequest
FN:107,serverError
FN:128,withMiddleware
FN:132,(anonymous_21)
FNF:12
FNH:4
FNDA:0,(anonymous_10)
FNDA:0,getClientIp
FNDA:7,checkRateLimit
FNDA:3,validateRequired
FNDA:5,(anonymous_14)
FNDA:4,sanitizeString
FNDA:0,methodNotAllowed
FNDA:0,rateLimited
FNDA:0,badRequest
FNDA:0,serverError
FNDA:0,withMiddleware
FNDA:0,(anonymous_21)
DA:17,1
DA:20,1
DA:21,0
DA:22,0
DA:23,0
DA:24,0
DA:29,0
DA:30,0
DA:43,7
DA:48,7
DA:49,7
DA:50,7
DA:52,7
DA:53,4
DA:54,4
DA:57,3
DA:58,3
DA:59,3
DA:61,3
DA:72,3
DA:76,5
DA:77,3
DA:80,4
DA:81,4
DA:83,4
DA:90,0
DA:91,0
DA:92,0
DA:95,0
DA:96,0
DA:103,0
DA:104,0
DA:107,0
DA:108,0
DA:128,0
DA:132,0
DA:134,0
DA:135,0
DA:141,0
DA:142,0
DA:144,0
DA:145,0
DA:146,0
DA:147,0
DA:150,0
DA:151,0
DA:155,0
DA:156,0
DA:157,0
DA:161,0
DA:162,0
DA:163,0
DA:164,0
DA:165,0
DA:170,0
DA:171,0
DA:172,0
DA:173,0
DA:178,0
DA:179,0
DA:181,0
DA:182,0
DA:183,0
LF:63
LH:19
BRDA:23,0,0,0
BRDA:23,0,1,0
BRDA:31,1,0,0
BRDA:31,1,1,0
BRDA:31,1,2,0
BRDA:45,2,0,0
BRDA:46,3,0,0
BRDA:52,4,0,4
BRDA:52,4,1,3
BRDA:52,5,0,7
BRDA:52,5,1,3
BRDA:76,6,0,5
BRDA:76,6,1,3
BRDA:76,6,2,3
BRDA:80,7,0,3
BRDA:81,8,0,0
BRDA:81,8,1,4
BRDA:90,9,0,0
BRDA:107,10,0,0
BRDA:130,11,0,0
BRDA:134,12,0,0
BRDA:134,12,1,0
BRDA:141,13,0,0
BRDA:141,13,1,0
BRDA:141,14,0,0
BRDA:141,14,1,0
BRDA:142,15,0,0
BRDA:142,15,1,0
BRDA:144,16,0,0
BRDA:144,16,1,0
BRDA:150,17,0,0
BRDA:150,17,1,0
BRDA:155,18,0,0
BRDA:155,18,1,0
BRDA:156,19,0,0
BRDA:156,19,1,0
BRDA:156,20,0,0
BRDA:156,20,1,0
BRDA:161,21,0,0
BRDA:161,21,1,0
BRDA:164,22,0,0
BRDA:164,22,1,0
BRDA:170,23,0,0
BRDA:170,23,1,0
BRDA:170,24,0,0
BRDA:170,24,1,0
BRDA:172,25,0,0
BRDA:172,25,1,0
BRDA:181,26,0,0
BRDA:181,26,1,0
BRF:50
BRH:9
end_of_record
TN:
SF:lib\errorMonitoring.ts
FN:33,loadFromStorage
FN:45,saveToStorage
FN:60,generateId
FN:79,trackError
FN:95,(anonymous_13)
FN:127,trackApiError
FN:138,trackNetworkError
FN:149,getErrors
FN:151,(anonymous_17)
FN:157,getErrorSummary
FN:169,(anonymous_19)
FN:170,(anonymous_20)
FN:172,(anonymous_21)
FN:174,(anonymous_22)
FN:181,clearErrors
FN:192,initErrorMonitoring
FN:199,(anonymous_25)
FN:212,(anonymous_26)
FNF:18
FNH:13
FNDA:5,loadFromStorage
FNDA:9,saveToStorage
FNDA:9,generateId
FNDA:9,trackError
FNDA:4,(anonymous_13)
FNDA:0,trackApiError
FNDA:0,trackNetworkError
FNDA:4,getErrors
FNDA:1,(anonymous_17)
FNDA:1,getErrorSummary
FNDA:2,(anonymous_19)
FNDA:2,(anonymous_20)
FNDA:1,(anonymous_21)
FNDA:2,(anonymous_22)
FNDA:6,clearErrors
FNDA:0,initErrorMonitoring
FNDA:0,(anonymous_25)
FNDA:0,(anonymous_26)
DA:27,1
DA:28,1
DA:30,1
DA:31,1
DA:34,5
DA:35,5
DA:36,5
DA:37,5
DA:38,4
DA:41,0
DA:46,9
DA:47,9
DA:49,9
DA:50,9
DA:53,0
DA:54,0
DA:55,0
DA:62,9
DA:63,9
DA:64,9
DA:65,167
DA:66,167
DA:67,167
DA:69,9
DA:79,9
DA:87,9
DA:88,9
DA:89,9
DA:90,9
DA:92,9
DA:95,9
DA:96,9
DA:97,2
DA:98,2
DA:99,2
DA:100,0
DA:103,7
DA:117,9
DA:118,0
DA:121,9
DA:127,0
DA:128,0
DA:138,0
DA:139,0
DA:149,4
DA:150,4
DA:151,4
DA:157,1
DA:163,1
DA:164,1
DA:165,1
DA:167,1
DA:169,2
DA:170,2
DA:172,1
DA:174,2
DA:181,6
DA:182,6
DA:183,6
DA:184,6
DA:192,0
DA:193,0
DA:194,0
DA:196,0
DA:199,0
DA:200,0
DA:212,0
DA:213,0
DA:214,0
DA:221,0
DA:224,1
LF:71
LH:51
BRDA:34,0,0,0
BRDA:34,0,1,5
BRDA:37,1,0,4
BRDA:37,1,1,1
BRDA:46,2,0,0
BRDA:46,2,1,9
BRDA:81,3,0,1
BRDA:87,4,0,9
BRDA:87,4,1,0
BRDA:88,5,0,0
BRDA:88,5,1,9
BRDA:89,6,0,9
BRDA:89,6,1,1
BRDA:90,7,0,9
BRDA:90,7,1,6
BRDA:96,8,0,2
BRDA:96,8,1,7
BRDA:99,9,0,0
BRDA:99,9,1,2
BRDA:109,10,0,7
BRDA:109,10,1,0
BRDA:117,11,0,0
BRDA:117,11,1,9
BRDA:130,12,0,0
BRDA:130,12,1,0
BRDA:183,13,0,6
BRDA:183,13,1,0
BRDA:193,14,0,0
BRDA:193,14,1,0
BRDA:193,15,0,0
BRDA:193,15,1,0
BRDA:200,16,0,0
BRDA:200,16,1,0
BRDA:213,17,0,0
BRDA:213,17,1,0
BRDA:213,17,2,0
BRF:36
BRH:17
end_of_record
TN:
SF:lib\secureStorage.ts
FN:17,isAESAvailable
FN:33,getAESKey
FN:45,(anonymous_11)
FN:75,encryptAES
FN:98,decryptAES
FN:100,(anonymous_14)
FN:119,getLegacyKey
FN:124,xorCipher
FN:133,decryptLegacy
FN:149,encryptSync
FN:156,(anonymous_19)
FN:166,decryptSync
FN:202,secureSet
FN:210,(anonymous_22)
FN:214,(anonymous_23)
FN:235,secureGet
FN:257,(anonymous_25)
FN:260,(anonymous_26)
FN:286,secureRemove
FN:296,secureSetJSON
FN:303,secureGetJSON
FN:316,clearAllHealthData
FN:331,exportAllHealthData
FNF:23
FNH:10
FNDA:3,isAESAvailable
FNDA:0,getAESKey
FNDA:0,(anonymous_11)
FNDA:0,encryptAES
FNDA:0,decryptAES
FNDA:0,(anonymous_14)
FNDA:0,getLegacyKey
FNDA:4,xorCipher
FNDA:0,decryptLegacy
FNDA:3,encryptSync
FNDA:96,(anonymous_19)
FNDA:1,decryptSync
FNDA:6,secureSet
FNDA:0,(anonymous_22)
FNDA:0,(anonymous_23)
FNDA:6,secureGet
FNDA:0,(anonymous_25)
FNDA:0,(anonymous_26)
FNDA:1,secureRemove
FNDA:1,secureSetJSON
FNDA:2,secureGetJSON
FNDA:0,clearAllHealthData
FNDA:0,exportAllHealthData
DA:8,1
DA:9,1
DA:10,1
DA:18,3
DA:26,1
DA:34,0
DA:36,0
DA:37,0
DA:41,0
DA:43,0
DA:45,0
DA:46,0
DA:53,0
DA:57,0
DA:64,0
DA:65,0
DA:66,0
DA:68,0
DA:76,0
DA:77,0
DA:78,0
DA:80,0
DA:87,0
DA:88,0
DA:89,0
DA:91,0
DA:99,0
DA:100,0
DA:103,0
DA:104,0
DA:106,0
DA:112,0
DA:120,0
DA:121,0
DA:125,4
DA:126,4
DA:127,4
DA:128,69
DA:130,4
DA:134,0
DA:135,0
DA:136,0
DA:137,0
DA:138,0
DA:140,0
DA:150,3
DA:151,3
DA:152,3
DA:153,3
DA:154,3
DA:155,3
DA:156,96
DA:157,3
DA:159,3
DA:160,3
DA:162,0
DA:167,1
DA:168,1
DA:169,1
DA:170,1
DA:171,1
DA:172,1
DA:174,0
DA:183,1
DA:202,5
DA:203,6
DA:205,6
DA:206,6
DA:207,3
DA:209,0
DA:211,0
DA:212,0
DA:216,0
DA:217,0
DA:220,3
DA:221,3
DA:224,3
DA:227,0
DA:235,4
DA:236,6
DA:238,6
DA:239,6
DA:240,6
DA:242,3
DA:244,3
DA:245,1
DA:249,0
DA:251,0
DA:252,0
DA:255,0
DA:256,0
DA:258,0
DA:264,0
DA:265,0
DA:266,0
DA:268,0
DA:270,1
DA:272,1
DA:276,2
DA:278,0
DA:279,0
DA:286,1
DA:287,1
DA:288,1
DA:289,1
DA:290,1
DA:296,1
DA:297,1
DA:303,2
DA:304,2
DA:305,2
DA:306,1
DA:307,1
DA:309,0
DA:316,0
DA:317,0
DA:319,0
DA:320,0
DA:321,0
DA:322,0
DA:325,0
DA:331,0
DA:332,0
DA:334,0
DA:335,0
DA:336,0
DA:337,0
DA:338,0
DA:340,0
DA:345,0
DA:348,1
LF:131
LH:59
BRDA:19,0,0,3
BRDA:19,0,1,3
BRDA:19,0,2,3
BRDA:34,1,0,0
BRDA:34,1,1,0
BRDA:36,2,0,0
BRDA:36,2,1,0
BRDA:43,3,0,0
BRDA:43,3,1,0
BRDA:120,4,0,0
BRDA:120,4,1,0
BRDA:121,5,0,0
BRDA:121,5,1,0
BRDA:125,6,0,0
BRDA:125,6,1,4
BRDA:136,7,0,0
BRDA:136,7,1,0
BRDA:151,8,0,0
BRDA:151,8,1,3
BRDA:153,9,0,3
BRDA:153,9,1,0
BRDA:168,10,0,0
BRDA:168,10,1,1
BRDA:169,11,0,1
BRDA:169,11,1,0
BRDA:170,12,0,0
BRDA:170,12,1,1
BRDA:203,13,0,0
BRDA:203,13,1,6
BRDA:206,14,0,3
BRDA:206,14,1,3
BRDA:207,15,0,0
BRDA:207,15,1,3
BRDA:236,16,0,0
BRDA:236,16,1,6
BRDA:240,17,0,3
BRDA:240,17,1,3
BRDA:244,18,0,1
BRDA:244,18,1,2
BRDA:244,19,0,3
BRDA:244,19,1,1
BRDA:245,20,0,0
BRDA:245,20,1,1
BRDA:252,21,0,0
BRDA:252,21,1,0
BRDA:255,22,0,0
BRDA:255,22,1,0
BRDA:265,23,0,0
BRDA:265,23,1,0
BRDA:265,24,0,0
BRDA:265,24,1,0
BRDA:270,25,0,1
BRDA:270,25,1,0
BRDA:287,26,0,0
BRDA:287,26,1,1
BRDA:305,27,0,1
BRDA:305,27,1,1
BRDA:317,28,0,0
BRDA:317,28,1,0
BRDA:336,29,0,0
BRDA:336,29,1,0
BRF:61
BRH:25
end_of_record
